<?xml version="1.0" encoding="UTF-8"?>
<coverage generated="1764014269277" clover="3.2.0">
  <project timestamp="1764014269277" name="All files">
    <metrics statements="741" coveredstatements="638" conditionals="349" coveredconditionals="259" methods="189" coveredmethods="148" elements="1279" coveredelements="1045" complexity="0" loc="741" ncloc="741" packages="8" files="30" classes="30"/>
    <package name="components">
      <metrics statements="2" coveredstatements="2" conditionals="4" coveredconditionals="4" methods="1" coveredmethods="1"/>
      <file name="ThemeToggle.tsx" path="/Users/blumaa/code/filmections/src/components/ThemeToggle.tsx">
        <metrics statements="2" coveredstatements="2" conditionals="4" coveredconditionals="4" methods="1" coveredmethods="1"/>
        <line num="17" count="5" type="stmt"/>
        <line num="19" count="5" type="stmt"/>
      </file>
    </package>
    <package name="hooks">
      <metrics statements="18" coveredstatements="18" conditionals="12" coveredconditionals="10" methods="7" coveredmethods="7"/>
      <file name="useTheme.ts" path="/Users/blumaa/code/filmections/src/hooks/useTheme.ts">
        <metrics statements="18" coveredstatements="18" conditionals="12" coveredconditionals="10" methods="7" coveredmethods="7"/>
        <line num="5" count="1" type="stmt"/>
        <line num="11" count="7" type="cond" truecount="1" falsecount="1"/>
        <line num="13" count="7" type="stmt"/>
        <line num="14" count="7" type="cond" truecount="2" falsecount="0"/>
        <line num="21" count="9" type="cond" truecount="1" falsecount="1"/>
        <line num="24" count="9" type="stmt"/>
        <line num="25" count="9" type="cond" truecount="4" falsecount="0"/>
        <line num="26" count="2" type="stmt"/>
        <line num="30" count="7" type="stmt"/>
        <line num="54" count="15" type="stmt"/>
        <line num="57" count="15" type="stmt"/>
        <line num="58" count="15" type="stmt"/>
        <line num="59" count="15" type="stmt"/>
        <line num="63" count="15" type="stmt"/>
        <line num="64" count="3" type="stmt"/>
        <line num="68" count="15" type="stmt"/>
        <line num="69" count="3" type="cond" truecount="2" falsecount="0"/>
        <line num="72" count="15" type="stmt"/>
      </file>
    </package>
    <package name="lib.puzzle-engine">
      <metrics statements="126" coveredstatements="104" conditionals="100" coveredconditionals="72" methods="31" coveredmethods="26"/>
      <file name="PuzzleEngine.ts" path="/Users/blumaa/code/filmections/src/lib/puzzle-engine/PuzzleEngine.ts">
        <metrics statements="33" coveredstatements="25" conditionals="19" coveredconditionals="15" methods="12" coveredmethods="9"/>
        <line num="51" count="21" type="stmt"/>
        <line num="52" count="21" type="stmt"/>
        <line num="53" count="21" type="stmt"/>
        <line num="56" count="21" type="stmt"/>
        <line num="80" count="19" type="stmt"/>
        <line num="81" count="19" type="cond" truecount="4" falsecount="0"/>
        <line num="82" count="3750" type="stmt"/>
        <line num="85" count="13" type="cond" truecount="1" falsecount="1"/>
        <line num="86" count="0" type="stmt"/>
        <line num="89" count="0" type="stmt"/>
        <line num="94" count="19" type="stmt"/>
        <line num="96" count="19" type="cond" truecount="1" falsecount="1"/>
        <line num="97" count="0" type="stmt"/>
        <line num="100" count="19" type="stmt"/>
        <line num="101" count="114" type="stmt"/>
        <line num="105" count="19" type="stmt"/>
        <line num="108" count="19" type="cond" truecount="4" falsecount="0"/>
        <line num="109" count="9" type="stmt"/>
        <line num="110" count="454" type="stmt"/>
        <line num="115" count="19" type="cond" truecount="1" falsecount="1"/>
        <line num="116" count="0" type="stmt"/>
        <line num="122" count="19" type="stmt"/>
        <line num="128" count="19" type="cond" truecount="1" falsecount="1"/>
        <line num="129" count="0" type="stmt"/>
        <line num="135" count="76" type="stmt"/>
        <line num="144" count="76" type="stmt"/>
        <line num="145" count="19" type="stmt"/>
        <line num="147" count="19" type="stmt"/>
        <line num="158" count="304" type="stmt"/>
        <line num="172" count="0" type="stmt"/>
        <line num="181" count="0" type="stmt"/>
        <line num="190" count="2" type="stmt"/>
        <line num="199" count="0" type="stmt"/>
      </file>
      <file name="PuzzleGenerator.ts" path="/Users/blumaa/code/filmections/src/lib/puzzle-engine/PuzzleGenerator.ts">
        <metrics statements="93" coveredstatements="79" conditionals="81" coveredconditionals="57" methods="19" coveredmethods="17"/>
        <line num="117" count="1" type="stmt"/>
        <line num="138" count="21" type="stmt"/>
        <line num="139" count="21" type="stmt"/>
        <line num="140" count="21" type="stmt"/>
        <line num="143" count="21" type="stmt"/>
        <line num="146" count="21" type="stmt"/>
        <line num="171" count="22" type="stmt"/>
        <line num="173" count="22" type="cond" truecount="2" falsecount="0"/>
        <line num="174" count="4" type="stmt"/>
        <line num="180" count="18" type="stmt"/>
        <line num="182" count="18" type="stmt"/>
        <line num="183" count="18" type="stmt"/>
        <line num="184" count="18" type="stmt"/>
        <line num="187" count="18" type="stmt"/>
        <line num="188" count="19" type="stmt"/>
        <line num="190" count="19" type="stmt"/>
        <line num="197" count="19" type="stmt"/>
        <line num="200" count="19" type="stmt"/>
        <line num="203" count="19" type="cond" truecount="4" falsecount="0"/>
        <line num="204" count="17" type="stmt"/>
        <line num="213" count="2" type="cond" truecount="2" falsecount="0"/>
        <line num="214" count="1" type="stmt"/>
        <line num="215" count="1" type="stmt"/>
        <line num="218" count="2" type="stmt"/>
        <line num="222" count="0" type="stmt"/>
        <line num="223" count="0" type="stmt"/>
        <line num="228" count="1" type="cond" truecount="3" falsecount="1"/>
        <line num="229" count="1" type="stmt"/>
        <line num="232" count="1" type="stmt"/>
        <line num="241" count="0" type="stmt"/>
        <line num="259" count="4" type="stmt"/>
        <line num="260" count="4" type="stmt"/>
        <line num="261" count="4" type="stmt"/>
        <line num="263" count="4" type="stmt"/>
        <line num="264" count="4" type="stmt"/>
        <line num="265" count="4" type="stmt"/>
        <line num="267" count="4" type="stmt"/>
        <line num="268" count="12" type="stmt"/>
        <line num="269" count="12" type="stmt"/>
        <line num="275" count="12" type="stmt"/>
        <line num="276" count="12" type="stmt"/>
        <line num="277" count="12" type="stmt"/>
        <line num="280" count="192" type="stmt"/>
        <line num="281" count="48" type="stmt"/>
        <line num="283" count="12" type="stmt"/>
        <line num="287" count="0" type="stmt"/>
        <line num="288" count="0" type="stmt"/>
        <line num="293" count="12" type="cond" truecount="1" falsecount="1"/>
        <line num="294" count="12" type="stmt"/>
        <line num="297" count="4" type="stmt"/>
        <line num="314" count="22" type="cond" truecount="2" falsecount="0"/>
        <line num="315" count="18" type="stmt"/>
        <line num="318" count="4" type="stmt"/>
        <line num="320" count="16" type="cond" truecount="4" falsecount="0"/>
        <line num="321" count="8" type="cond" truecount="1" falsecount="1"/>
        <line num="325" count="8" type="cond" truecount="4" falsecount="0"/>
        <line num="326" count="5" type="stmt"/>
        <line num="329" count="3" type="cond" truecount="4" falsecount="0"/>
        <line num="330" count="1" type="stmt"/>
        <line num="335" count="10" type="cond" truecount="2" falsecount="0"/>
        <line num="339" count="2" type="stmt"/>
        <line num="342" count="8" type="cond" truecount="1" falsecount="1"/>
        <line num="346" count="0" type="stmt"/>
        <line num="350" count="8" type="cond" truecount="1" falsecount="1"/>
        <line num="354" count="0" type="stmt"/>
        <line num="358" count="8" type="cond" truecount="4" falsecount="0"/>
        <line num="359" count="4" type="cond" truecount="1" falsecount="1"/>
        <line num="361" count="4" type="cond" truecount="1" falsecount="1"/>
        <line num="362" count="4" type="stmt"/>
        <line num="363" count="5" type="stmt"/>
        <line num="365" count="4" type="cond" truecount="2" falsecount="0"/>
        <line num="366" count="2" type="stmt"/>
        <line num="370" count="2" type="cond" truecount="1" falsecount="1"/>
        <line num="371" count="0" type="stmt"/>
        <line num="372" count="0" type="stmt"/>
        <line num="374" count="0" type="cond" truecount="0" falsecount="2"/>
        <line num="375" count="0" type="stmt"/>
        <line num="380" count="6" type="stmt"/>
        <line num="408" count="76" type="stmt"/>
        <line num="409" count="304" type="stmt"/>
        <line num="435" count="76" type="stmt"/>
        <line num="441" count="76" type="cond" truecount="1" falsecount="1"/>
        <line num="450" count="2" type="stmt"/>
        <line num="452" count="2" type="cond" truecount="2" falsecount="0"/>
        <line num="453" count="1" type="stmt"/>
        <line num="456" count="2" type="cond" truecount="1" falsecount="1"/>
        <line num="457" count="0" type="stmt"/>
        <line num="460" count="2" type="cond" truecount="1" falsecount="1"/>
        <line num="461" count="0" type="stmt"/>
        <line num="465" count="2" type="stmt"/>
        <line num="478" count="6" type="stmt"/>
        <line num="492" count="1" type="stmt"/>
        <line num="501" count="0" type="stmt"/>
      </file>
      <file name="index.ts" path="/Users/blumaa/code/filmections/src/lib/puzzle-engine/index.ts">
        <metrics statements="0" coveredstatements="0" conditionals="0" coveredconditionals="0" methods="0" coveredmethods="0"/>
      </file>
      <file name="types.ts" path="/Users/blumaa/code/filmections/src/lib/puzzle-engine/types.ts">
        <metrics statements="0" coveredstatements="0" conditionals="0" coveredconditionals="0" methods="0" coveredmethods="0"/>
      </file>
    </package>
    <package name="lib.puzzle-engine.analyzers">
      <metrics statements="224" coveredstatements="222" conditionals="86" coveredconditionals="82" methods="39" coveredmethods="39"/>
      <file name="ActorAnalyzer.ts" path="/Users/blumaa/code/filmections/src/lib/puzzle-engine/analyzers/ActorAnalyzer.ts">
        <metrics statements="32" coveredstatements="32" conditionals="12" coveredconditionals="12" methods="6" coveredmethods="6"/>
        <line num="58" count="39" type="stmt"/>
        <line num="59" count="39" type="stmt"/>
        <line num="61" count="39" type="stmt"/>
        <line num="71" count="4" type="stmt"/>
        <line num="74" count="4" type="stmt"/>
        <line num="75" count="4" type="cond" truecount="4" falsecount="0"/>
        <line num="76" count="3" type="stmt"/>
        <line num="92" count="27" type="stmt"/>
        <line num="94" count="27" type="stmt"/>
        <line num="97" count="27" type="stmt"/>
        <line num="99" count="263" type="cond" truecount="2" falsecount="0"/>
        <line num="100" count="1" type="stmt"/>
        <line num="104" count="262" type="stmt"/>
        <line num="105" count="262" type="stmt"/>
        <line num="108" count="262" type="stmt"/>
        <line num="110" count="262" type="stmt"/>
        <line num="123" count="27" type="stmt"/>
        <line num="137" count="27" type="stmt"/>
        <line num="139" count="27" type="stmt"/>
        <line num="141" count="4444" type="stmt"/>
        <line num="142" count="4451" type="stmt"/>
        <line num="143" count="4" type="stmt"/>
        <line num="146" count="4444" type="stmt"/>
        <line num="147" count="4447" type="cond" truecount="2" falsecount="0"/>
        <line num="148" count="263" type="stmt"/>
        <line num="154" count="4447" type="stmt"/>
        <line num="158" count="27" type="stmt"/>
        <line num="168" count="262" type="stmt"/>
        <line num="169" count="262" type="stmt"/>
        <line num="170" count="4182" type="stmt"/>
        <line num="171" count="4182" type="stmt"/>
        <line num="173" count="262" type="stmt"/>
      </file>
      <file name="DecadeAnalyzer.ts" path="/Users/blumaa/code/filmections/src/lib/puzzle-engine/analyzers/DecadeAnalyzer.ts">
        <metrics statements="43" coveredstatements="42" conditionals="14" coveredconditionals="13" methods="7" coveredmethods="7"/>
        <line num="40" count="2" type="stmt"/>
        <line num="68" count="43" type="stmt"/>
        <line num="69" count="43" type="stmt"/>
        <line num="71" count="43" type="stmt"/>
        <line num="80" count="4" type="stmt"/>
        <line num="83" count="4" type="stmt"/>
        <line num="84" count="4" type="cond" truecount="2" falsecount="0"/>
        <line num="85" count="3" type="stmt"/>
        <line num="100" count="30" type="stmt"/>
        <line num="102" count="30" type="stmt"/>
        <line num="105" count="30" type="stmt"/>
        <line num="107" count="112" type="cond" truecount="1" falsecount="1"/>
        <line num="108" count="0" type="stmt"/>
        <line num="112" count="112" type="cond" truecount="2" falsecount="0"/>
        <line num="113" count="7" type="stmt"/>
        <line num="117" count="105" type="stmt"/>
        <line num="118" count="105" type="stmt"/>
        <line num="123" count="105" type="stmt"/>
        <line num="124" count="105" type="stmt"/>
        <line num="125" count="105" type="stmt"/>
        <line num="126" count="105" type="stmt"/>
        <line num="128" count="105" type="stmt"/>
        <line num="141" count="30" type="stmt"/>
        <line num="151" count="30" type="stmt"/>
        <line num="153" count="30" type="stmt"/>
        <line num="154" count="4458" type="stmt"/>
        <line num="155" count="4458" type="cond" truecount="2" falsecount="0"/>
        <line num="157" count="4456" type="cond" truecount="2" falsecount="0"/>
        <line num="158" count="112" type="stmt"/>
        <line num="160" count="4456" type="stmt"/>
        <line num="163" count="30" type="stmt"/>
        <line num="173" count="4458" type="cond" truecount="2" falsecount="0"/>
        <line num="175" count="4457" type="stmt"/>
        <line num="176" count="4457" type="cond" truecount="2" falsecount="0"/>
        <line num="179" count="4456" type="stmt"/>
        <line num="189" count="105" type="stmt"/>
        <line num="190" count="105" type="stmt"/>
        <line num="200" count="210" type="stmt"/>
        <line num="210" count="105" type="stmt"/>
        <line num="211" count="105" type="stmt"/>
        <line num="212" count="4287" type="stmt"/>
        <line num="213" count="4287" type="stmt"/>
        <line num="215" count="105" type="stmt"/>
      </file>
      <file name="DirectorAnalyzer.ts" path="/Users/blumaa/code/filmections/src/lib/puzzle-engine/analyzers/DirectorAnalyzer.ts">
        <metrics statements="20" coveredstatements="20" conditionals="6" coveredconditionals="5" methods="3" coveredmethods="3"/>
        <line num="32" count="35" type="stmt"/>
        <line num="37" count="35" type="stmt"/>
        <line num="56" count="25" type="stmt"/>
        <line num="59" count="25" type="stmt"/>
        <line num="61" count="25" type="stmt"/>
        <line num="63" count="200" type="cond" truecount="2" falsecount="0"/>
        <line num="64" count="1" type="stmt"/>
        <line num="68" count="199" type="stmt"/>
        <line num="71" count="199" type="stmt"/>
        <line num="74" count="199" type="stmt"/>
        <line num="76" count="199" type="stmt"/>
        <line num="89" count="25" type="stmt"/>
        <line num="105" count="25" type="stmt"/>
        <line num="107" count="25" type="stmt"/>
        <line num="110" count="4436" type="cond" truecount="1" falsecount="1"/>
        <line num="112" count="4436" type="stmt"/>
        <line num="114" count="4435" type="cond" truecount="2" falsecount="0"/>
        <line num="115" count="200" type="stmt"/>
        <line num="123" count="4435" type="stmt"/>
        <line num="127" count="25" type="stmt"/>
      </file>
      <file name="ThemeAnalyzer.ts" path="/Users/blumaa/code/filmections/src/lib/puzzle-engine/analyzers/ThemeAnalyzer.ts">
        <metrics statements="52" coveredstatements="51" conditionals="26" coveredconditionals="24" methods="12" coveredmethods="12"/>
        <line num="68" count="42" type="stmt"/>
        <line num="69" count="42" type="stmt"/>
        <line num="71" count="42" type="stmt"/>
        <line num="82" count="4" type="stmt"/>
        <line num="85" count="4" type="stmt"/>
        <line num="86" count="4" type="cond" truecount="2" falsecount="0"/>
        <line num="91" count="3" type="stmt"/>
        <line num="107" count="29" type="stmt"/>
        <line num="108" count="29" type="stmt"/>
        <line num="111" count="29" type="stmt"/>
        <line num="112" count="1450" type="stmt"/>
        <line num="115" count="1450" type="cond" truecount="2" falsecount="0"/>
        <line num="116" count="1397" type="stmt"/>
        <line num="120" count="53" type="stmt"/>
        <line num="121" count="53" type="stmt"/>
        <line num="124" count="53" type="stmt"/>
        <line num="125" count="53" type="stmt"/>
        <line num="126" count="53" type="stmt"/>
        <line num="128" count="53" type="stmt"/>
        <line num="142" count="29" type="stmt"/>
        <line num="154" count="1450" type="cond" truecount="2" falsecount="0"/>
        <line num="155" count="116" type="stmt"/>
        <line num="159" count="1334" type="stmt"/>
        <line num="160" count="204608" type="stmt"/>
        <line num="161" count="204608" type="stmt"/>
        <line num="173" count="204608" type="stmt"/>
        <line num="174" count="204608" type="stmt"/>
        <line num="176" count="204608" type="stmt"/>
        <line num="177" count="956320" type="stmt"/>
        <line num="178" count="956320" type="cond" truecount="2" falsecount="0"/>
        <line num="179" count="4484" type="stmt"/>
        <line num="183" count="204608" type="stmt"/>
        <line num="193" count="204608" type="stmt"/>
        <line num="195" count="204608" type="cond" truecount="2" falsecount="0"/>
        <line num="196" count="204424" type="stmt"/>
        <line num="199" count="204608" type="cond" truecount="1" falsecount="1"/>
        <line num="200" count="204608" type="stmt"/>
        <line num="203" count="204608" type="stmt"/>
        <line num="217" count="116" type="cond" truecount="4" falsecount="1"/>
        <line num="219" count="4448" type="stmt"/>
        <line num="222" count="4448" type="stmt"/>
        <line num="226" count="29" type="stmt"/>
        <line num="230" count="29" type="stmt"/>
        <line num="233" count="0" type="stmt"/>
        <line num="242" count="4448" type="stmt"/>
        <line num="247" count="4448" type="stmt"/>
        <line num="254" count="4448" type="stmt"/>
        <line num="264" count="53" type="stmt"/>
        <line num="265" count="53" type="stmt"/>
        <line num="266" count="8823" type="stmt"/>
        <line num="267" count="8823" type="stmt"/>
        <line num="269" count="53" type="stmt"/>
      </file>
      <file name="WordplayAnalyzer.ts" path="/Users/blumaa/code/filmections/src/lib/puzzle-engine/analyzers/WordplayAnalyzer.ts">
        <metrics statements="37" coveredstatements="37" conditionals="14" coveredconditionals="14" methods="6" coveredmethods="6"/>
        <line num="42" count="2" type="stmt"/>
        <line num="101" count="47" type="stmt"/>
        <line num="102" count="47" type="stmt"/>
        <line num="104" count="47" type="stmt"/>
        <line num="114" count="6" type="stmt"/>
        <line num="117" count="6" type="stmt"/>
        <line num="118" count="6" type="cond" truecount="4" falsecount="0"/>
        <line num="119" count="5" type="stmt"/>
        <line num="135" count="33" type="stmt"/>
        <line num="137" count="33" type="stmt"/>
        <line num="140" count="33" type="stmt"/>
        <line num="142" count="102" type="cond" truecount="2" falsecount="0"/>
        <line num="143" count="47" type="stmt"/>
        <line num="147" count="55" type="stmt"/>
        <line num="148" count="55" type="stmt"/>
        <line num="153" count="55" type="stmt"/>
        <line num="154" count="55" type="stmt"/>
        <line num="155" count="55" type="stmt"/>
        <line num="157" count="55" type="stmt"/>
        <line num="170" count="33" type="stmt"/>
        <line num="180" count="33" type="stmt"/>
        <line num="182" count="33" type="stmt"/>
        <line num="183" count="4468" type="stmt"/>
        <line num="185" count="4468" type="stmt"/>
        <line num="186" count="4679" type="cond" truecount="2" falsecount="0"/>
        <line num="187" count="102" type="stmt"/>
        <line num="189" count="4679" type="stmt"/>
        <line num="193" count="33" type="stmt"/>
        <line num="204" count="4468" type="stmt"/>
        <line num="210" count="4468" type="stmt"/>
        <line num="213" count="4468" type="stmt"/>
        <line num="215" count="9123" type="cond" truecount="2" falsecount="0"/>
        <line num="227" count="55" type="stmt"/>
        <line num="228" count="55" type="stmt"/>
        <line num="229" count="4577" type="stmt"/>
        <line num="230" count="4577" type="stmt"/>
        <line num="232" count="55" type="stmt"/>
      </file>
      <file name="YearAnalyzer.ts" path="/Users/blumaa/code/filmections/src/lib/puzzle-engine/analyzers/YearAnalyzer.ts">
        <metrics statements="40" coveredstatements="40" conditionals="14" coveredconditionals="14" methods="5" coveredmethods="5"/>
        <line num="41" count="2" type="stmt"/>
        <line num="85" count="44" type="stmt"/>
        <line num="86" count="44" type="stmt"/>
        <line num="88" count="44" type="stmt"/>
        <line num="97" count="6" type="stmt"/>
        <line num="100" count="6" type="stmt"/>
        <line num="101" count="6" type="cond" truecount="2" falsecount="0"/>
        <line num="102" count="5" type="stmt"/>
        <line num="117" count="31" type="stmt"/>
        <line num="119" count="31" type="stmt"/>
        <line num="122" count="31" type="stmt"/>
        <line num="124" count="1013" type="cond" truecount="2" falsecount="0"/>
        <line num="125" count="339" type="stmt"/>
        <line num="129" count="674" type="cond" truecount="2" falsecount="0"/>
        <line num="130" count="490" type="stmt"/>
        <line num="134" count="184" type="stmt"/>
        <line num="135" count="184" type="stmt"/>
        <line num="140" count="184" type="stmt"/>
        <line num="141" count="184" type="stmt"/>
        <line num="142" count="184" type="stmt"/>
        <line num="143" count="184" type="stmt"/>
        <line num="145" count="184" type="stmt"/>
        <line num="157" count="31" type="stmt"/>
        <line num="167" count="31" type="stmt"/>
        <line num="169" count="31" type="stmt"/>
        <line num="170" count="4462" type="stmt"/>
        <line num="171" count="4462" type="cond" truecount="2" falsecount="0"/>
        <line num="173" count="4460" type="cond" truecount="2" falsecount="0"/>
        <line num="174" count="1013" type="stmt"/>
        <line num="176" count="4460" type="stmt"/>
        <line num="179" count="31" type="stmt"/>
        <line num="189" count="4462" type="cond" truecount="2" falsecount="0"/>
        <line num="191" count="4461" type="stmt"/>
        <line num="192" count="4461" type="cond" truecount="2" falsecount="0"/>
        <line num="194" count="4460" type="stmt"/>
        <line num="204" count="184" type="stmt"/>
        <line num="205" count="184" type="stmt"/>
        <line num="206" count="886" type="stmt"/>
        <line num="207" count="886" type="stmt"/>
        <line num="209" count="184" type="stmt"/>
      </file>
      <file name="index.ts" path="/Users/blumaa/code/filmections/src/lib/puzzle-engine/analyzers/index.ts">
        <metrics statements="0" coveredstatements="0" conditionals="0" coveredconditionals="0" methods="0" coveredmethods="0"/>
      </file>
    </package>
    <package name="lib.puzzle-engine.core">
      <metrics statements="133" coveredstatements="96" conditionals="54" coveredconditionals="29" methods="44" coveredmethods="31"/>
      <file name="AnalyzerRegistry.ts" path="/Users/blumaa/code/filmections/src/lib/puzzle-engine/core/AnalyzerRegistry.ts">
        <metrics statements="19" coveredstatements="19" conditionals="4" coveredconditionals="4" methods="14" coveredmethods="14"/>
        <line num="43" count="2" type="stmt"/>
        <line num="59" count="26" type="cond" truecount="2" falsecount="0"/>
        <line num="60" count="2" type="stmt"/>
        <line num="62" count="26" type="stmt"/>
        <line num="74" count="154" type="cond" truecount="2" falsecount="0"/>
        <line num="75" count="1" type="stmt"/>
        <line num="78" count="1" type="stmt"/>
        <line num="81" count="153" type="stmt"/>
        <line num="91" count="2" type="stmt"/>
        <line num="101" count="4" type="stmt"/>
        <line num="110" count="26" type="stmt"/>
        <line num="121" count="119" type="stmt"/>
        <line num="133" count="2" type="stmt"/>
        <line num="134" count="4" type="stmt"/>
        <line num="144" count="8" type="stmt"/>
        <line num="154" count="4" type="stmt"/>
        <line num="163" count="43" type="stmt"/>
        <line num="172" count="4" type="stmt"/>
        <line num="187" count="2" type="stmt"/>
      </file>
      <file name="BaseAnalyzer.ts" path="/Users/blumaa/code/filmections/src/lib/puzzle-engine/core/BaseAnalyzer.ts">
        <metrics statements="38" coveredstatements="26" conditionals="23" coveredconditionals="13" methods="11" coveredmethods="8"/>
        <line num="51" count="278" type="stmt"/>
        <line num="61" count="131" type="stmt"/>
        <line num="70" count="25" type="stmt"/>
        <line num="84" count="191" type="cond" truecount="2" falsecount="0"/>
        <line num="85" count="6" type="stmt"/>
        <line num="89" count="185" type="cond" truecount="2" falsecount="0"/>
        <line num="90" count="10" type="stmt"/>
        <line num="94" count="175" type="stmt"/>
        <line num="97" count="858" type="stmt"/>
        <line num="127" count="876" type="stmt"/>
        <line num="130" count="876" type="cond" truecount="2" falsecount="0"/>
        <line num="131" count="6" type="stmt"/>
        <line num="134" count="870" type="cond" truecount="1" falsecount="1"/>
        <line num="135" count="0" type="stmt"/>
        <line num="139" count="870" type="cond" truecount="4" falsecount="0"/>
        <line num="140" count="6" type="stmt"/>
        <line num="143" count="864" type="stmt"/>
        <line num="157" count="858" type="cond" truecount="1" falsecount="1"/>
        <line num="158" count="0" type="stmt"/>
        <line num="161" count="858" type="stmt"/>
        <line num="162" count="3432" type="cond" truecount="1" falsecount="1"/>
        <line num="165" count="858" type="stmt"/>
        <line num="168" count="858" type="stmt"/>
        <line num="181" count="199" type="stmt"/>
        <line num="183" count="199" type="stmt"/>
        <line num="184" count="4233" type="stmt"/>
        <line num="185" count="4233" type="stmt"/>
        <line num="188" count="199" type="stmt"/>
        <line num="203" count="0" type="cond" truecount="0" falsecount="2"/>
        <line num="220" count="0" type="stmt"/>
        <line num="222" count="0" type="stmt"/>
        <line num="223" count="0" type="stmt"/>
        <line num="224" count="0" type="cond" truecount="0" falsecount="2"/>
        <line num="226" count="0" type="stmt"/>
        <line num="227" count="0" type="cond" truecount="0" falsecount="2"/>
        <line num="228" count="0" type="stmt"/>
        <line num="230" count="0" type="stmt"/>
        <line num="234" count="0" type="stmt"/>
      </file>
      <file name="GroupSelector.ts" path="/Users/blumaa/code/filmections/src/lib/puzzle-engine/core/GroupSelector.ts">
        <metrics statements="51" coveredstatements="49" conditionals="15" coveredconditionals="12" methods="9" coveredmethods="9"/>
        <line num="45" count="19" type="cond" truecount="1" falsecount="1"/>
        <line num="46" count="0" type="stmt"/>
        <line num="50" count="19" type="stmt"/>
        <line num="51" count="3131" type="stmt"/>
        <line num="55" count="19" type="stmt"/>
        <line num="58" count="19" type="stmt"/>
        <line num="61" count="19" type="stmt"/>
        <line num="80" count="19" type="stmt"/>
        <line num="82" count="754" type="stmt"/>
        <line num="88" count="754" type="cond" truecount="4" falsecount="0"/>
        <line num="90" count="200" type="stmt"/>
        <line num="91" count="200" type="stmt"/>
        <line num="92" count="200" type="stmt"/>
        <line num="94" count="186" type="stmt"/>
        <line num="95" count="186" type="stmt"/>
        <line num="96" count="186" type="stmt"/>
        <line num="98" count="187" type="stmt"/>
        <line num="99" count="187" type="stmt"/>
        <line num="100" count="187" type="stmt"/>
        <line num="102" count="181" type="stmt"/>
        <line num="103" count="181" type="stmt"/>
        <line num="104" count="181" type="stmt"/>
        <line num="107" count="754" type="stmt"/>
        <line num="127" count="19" type="stmt"/>
        <line num="130" count="19" type="stmt"/>
        <line num="131" count="754" type="cond" truecount="2" falsecount="0"/>
        <line num="132" count="76" type="stmt"/>
        <line num="134" count="754" type="stmt"/>
        <line num="138" count="19" type="stmt"/>
        <line num="139" count="76" type="stmt"/>
        <line num="142" count="19" type="stmt"/>
        <line num="162" count="19" type="stmt"/>
        <line num="163" count="19" type="stmt"/>
        <line num="164" count="19" type="stmt"/>
        <line num="166" count="19" type="stmt"/>
        <line num="168" count="76" type="cond" truecount="1" falsecount="1"/>
        <line num="169" count="0" type="stmt"/>
        <line num="172" count="76" type="cond" truecount="1" falsecount="1"/>
        <line num="175" count="76" type="stmt"/>
        <line num="176" count="82" type="stmt"/>
        <line num="177" count="318" type="stmt"/>
        <line num="180" count="82" type="cond" truecount="2" falsecount="0"/>
        <line num="182" count="76" type="stmt"/>
        <line num="185" count="304" type="stmt"/>
        <line num="188" count="76" type="stmt"/>
        <line num="193" count="19" type="stmt"/>
        <line num="206" count="76" type="stmt"/>
        <line num="208" count="76" type="stmt"/>
        <line num="209" count="678" type="stmt"/>
        <line num="210" count="678" type="stmt"/>
        <line num="213" count="76" type="stmt"/>
      </file>
      <file name="QualityValidator.ts" path="/Users/blumaa/code/filmections/src/lib/puzzle-engine/core/QualityValidator.ts">
        <metrics statements="25" coveredstatements="2" conditionals="12" coveredconditionals="0" methods="10" coveredmethods="0"/>
        <line num="39" count="21" type="stmt"/>
        <line num="49" count="21" type="stmt"/>
        <line num="62" count="0" type="stmt"/>
        <line num="63" count="0" type="stmt"/>
        <line num="64" count="0" type="stmt"/>
        <line num="67" count="0" type="stmt"/>
        <line num="71" count="0" type="stmt"/>
        <line num="86" count="0" type="stmt"/>
        <line num="102" count="0" type="stmt"/>
        <line num="113" count="0" type="stmt"/>
        <line num="132" count="0" type="cond" truecount="0" falsecount="2"/>
        <line num="133" count="0" type="stmt"/>
        <line num="137" count="0" type="stmt"/>
        <line num="138" count="0" type="cond" truecount="0" falsecount="2"/>
        <line num="141" count="0" type="stmt"/>
        <line num="144" count="0" type="cond" truecount="0" falsecount="2"/>
        <line num="145" count="0" type="stmt"/>
        <line num="148" count="0" type="cond" truecount="0" falsecount="2"/>
        <line num="149" count="0" type="stmt"/>
        <line num="153" count="0" type="stmt"/>
        <line num="154" count="0" type="stmt"/>
        <line num="172" count="0" type="stmt"/>
        <line num="189" count="0" type="stmt"/>
        <line num="198" count="0" type="stmt"/>
        <line num="207" count="0" type="stmt"/>
      </file>
    </package>
    <package name="lib.puzzle-engine.data">
      <metrics statements="0" coveredstatements="0" conditionals="0" coveredconditionals="0" methods="0" coveredmethods="0"/>
      <file name="themes.json" path="/Users/blumaa/code/filmections/src/lib/puzzle-engine/data/themes.json">
        <metrics statements="0" coveredstatements="0" conditionals="0" coveredconditionals="0" methods="0" coveredmethods="0"/>
      </file>
    </package>
    <package name="lib.puzzle-engine.utils">
      <metrics statements="61" coveredstatements="25" conditionals="24" coveredconditionals="4" methods="35" coveredmethods="12"/>
      <file name="ThemeManager.ts" path="/Users/blumaa/code/filmections/src/lib/puzzle-engine/utils/ThemeManager.ts">
        <metrics statements="28" coveredstatements="11" conditionals="6" coveredconditionals="1" methods="15" coveredmethods="6"/>
        <line num="55" count="2" type="stmt"/>
        <line num="56" count="2" type="stmt"/>
        <line num="63" count="2" type="cond" truecount="1" falsecount="1"/>
        <line num="64" count="2" type="stmt"/>
        <line num="66" count="2" type="stmt"/>
        <line num="73" count="2" type="stmt"/>
        <line num="75" count="2" type="stmt"/>
        <line num="76" count="100" type="stmt"/>
        <line num="84" count="29" type="stmt"/>
        <line num="91" count="1450" type="stmt"/>
        <line num="98" count="0" type="stmt"/>
        <line num="105" count="0" type="stmt"/>
        <line num="112" count="0" type="stmt"/>
        <line num="113" count="0" type="cond" truecount="0" falsecount="2"/>
        <line num="114" count="0" type="stmt"/>
        <line num="115" count="0" type="stmt"/>
        <line num="117" count="0" type="stmt"/>
        <line num="124" count="0" type="stmt"/>
        <line num="125" count="0" type="cond" truecount="0" falsecount="2"/>
        <line num="126" count="0" type="stmt"/>
        <line num="127" count="0" type="stmt"/>
        <line num="129" count="0" type="stmt"/>
        <line num="136" count="0" type="stmt"/>
        <line num="143" count="0" type="stmt"/>
        <line num="150" count="0" type="stmt"/>
        <line num="158" count="0" type="stmt"/>
        <line num="159" count="0" type="stmt"/>
        <line num="166" count="2" type="stmt"/>
      </file>
      <file name="difficultyScorer.ts" path="/Users/blumaa/code/filmections/src/lib/puzzle-engine/utils/difficultyScorer.ts">
        <metrics statements="9" coveredstatements="0" conditionals="4" coveredconditionals="0" methods="4" coveredmethods="0"/>
        <line num="26" count="0" type="cond" truecount="0" falsecount="2"/>
        <line num="27" count="0" type="stmt"/>
        <line num="30" count="0" type="stmt"/>
        <line num="31" count="0" type="cond" truecount="0" falsecount="2"/>
        <line num="34" count="0" type="stmt"/>
        <line num="37" count="0" type="stmt"/>
        <line num="56" count="0" type="stmt"/>
        <line num="71" count="0" type="stmt"/>
        <line num="72" count="0" type="stmt"/>
      </file>
      <file name="movieFilters.ts" path="/Users/blumaa/code/filmections/src/lib/puzzle-engine/utils/movieFilters.ts">
        <metrics statements="9" coveredstatements="0" conditionals="10" coveredconditionals="0" methods="10" coveredmethods="0"/>
        <line num="22" count="0" type="stmt"/>
        <line num="39" count="0" type="cond" truecount="0" falsecount="2"/>
        <line num="55" count="0" type="stmt"/>
        <line num="56" count="0" type="cond" truecount="0" falsecount="2"/>
        <line num="57" count="0" type="stmt"/>
        <line num="58" count="0" type="cond" truecount="0" falsecount="2"/>
        <line num="75" count="0" type="stmt"/>
        <line num="76" count="0" type="stmt"/>
        <line num="93" count="0" type="cond" truecount="0" falsecount="2"/>
      </file>
      <file name="shuffle.ts" path="/Users/blumaa/code/filmections/src/lib/puzzle-engine/utils/shuffle.ts">
        <metrics statements="15" coveredstatements="14" conditionals="4" coveredconditionals="3" methods="6" coveredmethods="6"/>
        <line num="23" count="36" type="stmt"/>
        <line num="25" count="36" type="stmt"/>
        <line num="26" count="391" type="stmt"/>
        <line num="27" count="391" type="stmt"/>
        <line num="30" count="36" type="stmt"/>
        <line num="47" count="5" type="cond" truecount="1" falsecount="1"/>
        <line num="48" count="0" type="stmt"/>
        <line num="51" count="5" type="stmt"/>
        <line num="54" count="11" type="cond" truecount="2" falsecount="0"/>
        <line num="55" count="1" type="stmt"/>
        <line num="59" count="11" type="stmt"/>
        <line num="60" count="4" type="stmt"/>
        <line num="61" count="8" type="stmt"/>
        <line num="62" count="8" type="stmt"/>
        <line num="66" count="25" type="stmt"/>
      </file>
    </package>
    <package name="lib.puzzle-engine.validators">
      <metrics statements="177" coveredstatements="171" conditionals="69" coveredconditionals="58" methods="32" coveredmethods="32"/>
      <file name="ConnectionClarityValidator.ts" path="/Users/blumaa/code/filmections/src/lib/puzzle-engine/validators/ConnectionClarityValidator.ts">
        <metrics statements="31" coveredstatements="28" conditionals="14" coveredconditionals="11" methods="4" coveredmethods="4"/>
        <line num="20" count="2" type="stmt"/>
        <line num="34" count="2" type="stmt"/>
        <line num="40" count="36" type="stmt"/>
        <line num="41" count="36" type="stmt"/>
        <line num="44" count="29" type="stmt"/>
        <line num="45" count="29" type="stmt"/>
        <line num="47" count="29" type="stmt"/>
        <line num="48" count="106" type="stmt"/>
        <line num="49" count="106" type="stmt"/>
        <line num="51" count="106" type="cond" truecount="1" falsecount="1"/>
        <line num="52" count="0" type="stmt"/>
        <line num="56" count="29" type="cond" truecount="2" falsecount="0"/>
        <line num="57" count="29" type="stmt"/>
        <line num="59" count="29" type="stmt"/>
        <line num="60" count="29" type="cond" truecount="1" falsecount="1"/>
        <line num="61" count="0" type="stmt"/>
        <line num="64" count="29" type="stmt"/>
        <line num="83" count="106" type="stmt"/>
        <line num="86" count="106" type="cond" truecount="2" falsecount="0"/>
        <line num="87" count="15" type="stmt"/>
        <line num="91" count="106" type="stmt"/>
        <line num="92" count="833" type="cond" truecount="2" falsecount="0"/>
        <line num="93" count="3" type="stmt"/>
        <line num="94" count="3" type="stmt"/>
        <line num="99" count="106" type="cond" truecount="1" falsecount="1"/>
        <line num="100" count="0" type="stmt"/>
        <line num="104" count="106" type="cond" truecount="2" falsecount="0"/>
        <line num="105" count="78" type="stmt"/>
        <line num="108" count="106" type="stmt"/>
        <line num="118" count="106" type="stmt"/>
        <line num="126" count="323" type="stmt"/>
      </file>
      <file name="DifficultyBalanceValidator.ts" path="/Users/blumaa/code/filmections/src/lib/puzzle-engine/validators/DifficultyBalanceValidator.ts">
        <metrics statements="35" coveredstatements="33" conditionals="12" coveredconditionals="10" methods="9" coveredmethods="9"/>
        <line num="21" count="36" type="stmt"/>
        <line num="22" count="36" type="stmt"/>
        <line num="25" count="29" type="cond" truecount="2" falsecount="0"/>
        <line num="26" count="1" type="stmt"/>
        <line num="34" count="78" type="stmt"/>
        <line num="37" count="28" type="stmt"/>
        <line num="40" count="28" type="stmt"/>
        <line num="41" count="28" type="stmt"/>
        <line num="42" count="28" type="stmt"/>
        <line num="44" count="28" type="stmt"/>
        <line num="46" count="28" type="stmt"/>
        <line num="64" count="28" type="stmt"/>
        <line num="65" count="28" type="stmt"/>
        <line num="66" count="106" type="stmt"/>
        <line num="67" count="106" type="stmt"/>
        <line num="78" count="28" type="stmt"/>
        <line num="80" count="106" type="cond" truecount="2" falsecount="0"/>
        <line num="81" count="106" type="stmt"/>
        <line num="95" count="28" type="stmt"/>
        <line num="96" count="28" type="stmt"/>
        <line num="99" count="28" type="stmt"/>
        <line num="100" count="106" type="stmt"/>
        <line num="104" count="28" type="stmt"/>
        <line num="105" count="28" type="stmt"/>
        <line num="108" count="28" type="stmt"/>
        <line num="110" count="28" type="stmt"/>
        <line num="121" count="112" type="cond" truecount="2" falsecount="0"/>
        <line num="122" count="28" type="stmt"/>
        <line num="124" count="28" type="cond" truecount="2" falsecount="0"/>
        <line num="125" count="26" type="stmt"/>
        <line num="126" count="2" type="cond" truecount="1" falsecount="1"/>
        <line num="127" count="0" type="stmt"/>
        <line num="128" count="2" type="cond" truecount="1" falsecount="1"/>
        <line num="129" count="0" type="stmt"/>
        <line num="131" count="2" type="stmt"/>
      </file>
      <file name="FilmDiversityValidator.ts" path="/Users/blumaa/code/filmections/src/lib/puzzle-engine/validators/FilmDiversityValidator.ts">
        <metrics statements="32" coveredstatements="32" conditionals="14" coveredconditionals="11" methods="8" coveredmethods="8"/>
        <line num="21" count="36" type="stmt"/>
        <line num="22" count="36" type="stmt"/>
        <line num="25" count="29" type="cond" truecount="2" falsecount="0"/>
        <line num="26" count="1" type="stmt"/>
        <line num="33" count="106" type="stmt"/>
        <line num="36" count="28" type="stmt"/>
        <line num="37" count="28" type="stmt"/>
        <line num="40" count="28" type="stmt"/>
        <line num="41" count="28" type="stmt"/>
        <line num="43" count="28" type="stmt"/>
        <line num="45" count="28" type="stmt"/>
        <line num="65" count="28" type="stmt"/>
        <line num="67" count="28" type="stmt"/>
        <line num="68" count="424" type="cond" truecount="1" falsecount="1"/>
        <line num="69" count="424" type="stmt"/>
        <line num="70" count="424" type="cond" truecount="1" falsecount="1"/>
        <line num="72" count="424" type="stmt"/>
        <line num="73" count="424" type="cond" truecount="2" falsecount="0"/>
        <line num="77" count="28" type="cond" truecount="1" falsecount="1"/>
        <line num="79" count="28" type="stmt"/>
        <line num="80" count="28" type="stmt"/>
        <line num="81" count="28" type="stmt"/>
        <line num="84" count="28" type="stmt"/>
        <line num="85" count="28" type="stmt"/>
        <line num="87" count="28" type="stmt"/>
        <line num="97" count="424" type="cond" truecount="2" falsecount="0"/>
        <line num="99" count="28" type="cond" truecount="2" falsecount="0"/>
        <line num="102" count="120" type="stmt"/>
        <line num="104" count="120" type="stmt"/>
        <line num="105" count="9" type="stmt"/>
        <line num="106" count="9" type="stmt"/>
        <line num="110" count="9" type="stmt"/>
      </file>
      <file name="OverlapValidator.ts" path="/Users/blumaa/code/filmections/src/lib/puzzle-engine/validators/OverlapValidator.ts">
        <metrics statements="19" coveredstatements="19" conditionals="10" coveredconditionals="9" methods="1" coveredmethods="1"/>
        <line num="19" count="36" type="stmt"/>
        <line num="20" count="36" type="stmt"/>
        <line num="23" count="29" type="cond" truecount="2" falsecount="0"/>
        <line num="24" count="1" type="stmt"/>
        <line num="32" count="28" type="stmt"/>
        <line num="33" count="28" type="stmt"/>
        <line num="35" count="28" type="stmt"/>
        <line num="36" count="106" type="stmt"/>
        <line num="37" count="424" type="cond" truecount="2" falsecount="0"/>
        <line num="38" count="2" type="stmt"/>
        <line num="40" count="424" type="stmt"/>
        <line num="44" count="28" type="stmt"/>
        <line num="45" count="28" type="cond" truecount="2" falsecount="0"/>
        <line num="48" count="29" type="cond" truecount="2" falsecount="0"/>
        <line num="49" count="26" type="stmt"/>
        <line num="51" count="2" type="stmt"/>
        <line num="52" count="2" type="cond" truecount="1" falsecount="1"/>
        <line num="53" count="2" type="stmt"/>
        <line num="56" count="28" type="stmt"/>
      </file>
      <file name="QualityScorer.ts" path="/Users/blumaa/code/filmections/src/lib/puzzle-engine/validators/QualityScorer.ts">
        <metrics statements="25" coveredstatements="25" conditionals="7" coveredconditionals="7" methods="4" coveredmethods="4"/>
        <line num="31" count="2" type="stmt"/>
        <line num="50" count="36" type="stmt"/>
        <line num="53" count="36" type="stmt"/>
        <line num="54" count="36" type="stmt"/>
        <line num="55" count="36" type="stmt"/>
        <line num="56" count="36" type="stmt"/>
        <line num="57" count="36" type="stmt"/>
        <line num="58" count="36" type="stmt"/>
        <line num="69" count="29" type="stmt"/>
        <line num="70" count="29" type="stmt"/>
        <line num="71" count="29" type="stmt"/>
        <line num="72" count="29" type="stmt"/>
        <line num="73" count="29" type="stmt"/>
        <line num="76" count="29" type="stmt"/>
        <line num="78" count="29" type="stmt"/>
        <line num="85" count="29" type="stmt"/>
        <line num="88" count="29" type="stmt"/>
        <line num="91" count="29" type="cond" truecount="4" falsecount="0"/>
        <line num="92" count="1" type="stmt"/>
        <line num="95" count="29" type="stmt"/>
        <line num="97" count="29" type="stmt"/>
        <line num="121" count="4" type="stmt"/>
        <line num="122" count="4" type="cond" truecount="2" falsecount="0"/>
        <line num="123" count="1" type="stmt"/>
        <line num="133" count="12" type="stmt"/>
      </file>
      <file name="UniquenessValidator.ts" path="/Users/blumaa/code/filmections/src/lib/puzzle-engine/validators/UniquenessValidator.ts">
        <metrics statements="35" coveredstatements="34" conditionals="12" coveredconditionals="10" methods="6" coveredmethods="6"/>
        <line num="20" count="2" type="stmt"/>
        <line num="41" count="36" type="stmt"/>
        <line num="42" count="36" type="stmt"/>
        <line num="45" count="29" type="cond" truecount="2" falsecount="0"/>
        <line num="46" count="1" type="stmt"/>
        <line num="54" count="28" type="stmt"/>
        <line num="57" count="28" type="stmt"/>
        <line num="58" count="28" type="stmt"/>
        <line num="61" count="28" type="stmt"/>
        <line num="62" count="28" type="stmt"/>
        <line num="64" count="28" type="stmt"/>
        <line num="66" count="28" type="stmt"/>
        <line num="85" count="28" type="stmt"/>
        <line num="87" count="106" type="stmt"/>
        <line num="88" count="106" type="cond" truecount="2" falsecount="0"/>
        <line num="89" count="106" type="stmt"/>
        <line num="102" count="28" type="stmt"/>
        <line num="104" count="28" type="stmt"/>
        <line num="105" count="106" type="stmt"/>
        <line num="106" count="106" type="cond" truecount="1" falsecount="1"/>
        <line num="107" count="106" type="stmt"/>
        <line num="111" count="28" type="stmt"/>
        <line num="112" count="28" type="stmt"/>
        <line num="123" count="28" type="stmt"/>
        <line num="127" count="28" type="stmt"/>
        <line num="128" count="28" type="stmt"/>
        <line num="139" count="28" type="stmt"/>
        <line num="140" count="28" type="stmt"/>
        <line num="142" count="28" type="cond" truecount="2" falsecount="0"/>
        <line num="143" count="10" type="stmt"/>
        <line num="144" count="18" type="cond" truecount="2" falsecount="0"/>
        <line num="145" count="14" type="stmt"/>
        <line num="146" count="4" type="cond" truecount="1" falsecount="1"/>
        <line num="147" count="4" type="stmt"/>
        <line num="149" count="0" type="stmt"/>
      </file>
      <file name="index.ts" path="/Users/blumaa/code/filmections/src/lib/puzzle-engine/validators/index.ts">
        <metrics statements="0" coveredstatements="0" conditionals="0" coveredconditionals="0" methods="0" coveredmethods="0"/>
      </file>
      <file name="types.ts" path="/Users/blumaa/code/filmections/src/lib/puzzle-engine/validators/types.ts">
        <metrics statements="0" coveredstatements="0" conditionals="0" coveredconditionals="0" methods="0" coveredmethods="0"/>
      </file>
    </package>
  </project>
</coverage>
