{"/Users/blumaa/code/filmections/src/components/ThemeToggle.tsx": {"path":"/Users/blumaa/code/filmections/src/components/ThemeToggle.tsx","statementMap":{"0":{"start":{"line":17,"column":29},"end":{"line":17,"column":null}},"1":{"start":{"line":19,"column":2},"end":{"line":27,"column":null}}},"fnMap":{"0":{"name":"ThemeToggle","decl":{"start":{"line":16,"column":16},"end":{"line":16,"column":30}},"loc":{"start":{"line":16,"column":30},"end":{"line":29,"column":null}},"line":16}},"branchMap":{"0":{"loc":{"start":{"line":24,"column":31},"end":{"line":24,"column":67}},"type":"cond-expr","locations":[{"start":{"line":24,"column":51},"end":{"line":24,"column":60}},{"start":{"line":24,"column":60},"end":{"line":24,"column":67}}],"line":24},"1":{"loc":{"start":{"line":26,"column":7},"end":{"line":26,"column":null}},"type":"cond-expr","locations":[{"start":{"line":26,"column":27},"end":{"line":26,"column":34}},{"start":{"line":26,"column":34},"end":{"line":26,"column":null}}],"line":26}},"s":{"0":5,"1":5},"f":{"0":5},"b":{"0":[4,1],"1":[4,1]},"meta":{"lastBranch":2,"lastFunction":1,"lastStatement":2,"seen":{"f:16:16:16:30":0,"s:17:29:17:Infinity":0,"s:19:2:27:Infinity":1,"b:24:51:24:60:24:60:24:67":0,"b:26:27:26:34:26:34:26:Infinity":1}}}
,"/Users/blumaa/code/filmections/src/hooks/useTheme.ts": {"path":"/Users/blumaa/code/filmections/src/hooks/useTheme.ts","statementMap":{"0":{"start":{"line":5,"column":20},"end":{"line":5,"column":null}},"1":{"start":{"line":11,"column":2},"end":{"line":11,"column":null}},"2":{"start":{"line":11,"column":37},"end":{"line":11,"column":null}},"3":{"start":{"line":13,"column":17},"end":{"line":13,"column":null}},"4":{"start":{"line":14,"column":2},"end":{"line":14,"column":null}},"5":{"start":{"line":21,"column":2},"end":{"line":21,"column":null}},"6":{"start":{"line":21,"column":37},"end":{"line":21,"column":null}},"7":{"start":{"line":24,"column":17},"end":{"line":24,"column":null}},"8":{"start":{"line":25,"column":2},"end":{"line":27,"column":null}},"9":{"start":{"line":26,"column":4},"end":{"line":26,"column":null}},"10":{"start":{"line":30,"column":2},"end":{"line":30,"column":null}},"11":{"start":{"line":54,"column":29},"end":{"line":54,"column":null}},"12":{"start":{"line":57,"column":2},"end":{"line":60,"column":null}},"13":{"start":{"line":58,"column":4},"end":{"line":58,"column":null}},"14":{"start":{"line":59,"column":4},"end":{"line":59,"column":null}},"15":{"start":{"line":63,"column":8},"end":{"line":65,"column":null}},"16":{"start":{"line":64,"column":4},"end":{"line":64,"column":null}},"17":{"start":{"line":68,"column":8},"end":{"line":70,"column":null}},"18":{"start":{"line":69,"column":4},"end":{"line":69,"column":null}},"19":{"start":{"line":69,"column":26},"end":{"line":69,"column":61}},"20":{"start":{"line":72,"column":2},"end":{"line":77,"column":null}}},"fnMap":{"0":{"name":"getSystemTheme","decl":{"start":{"line":10,"column":9},"end":{"line":10,"column":33}},"loc":{"start":{"line":10,"column":33},"end":{"line":15,"column":null}},"line":10},"1":{"name":"getInitialTheme","decl":{"start":{"line":20,"column":9},"end":{"line":20,"column":34}},"loc":{"start":{"line":20,"column":34},"end":{"line":31,"column":null}},"line":20},"2":{"name":"useTheme","decl":{"start":{"line":53,"column":16},"end":{"line":53,"column":43}},"loc":{"start":{"line":53,"column":43},"end":{"line":78,"column":null}},"line":53},"3":{"name":"(anonymous_3)","decl":{"start":{"line":57,"column":12},"end":{"line":57,"column":18}},"loc":{"start":{"line":57,"column":18},"end":{"line":60,"column":5}},"line":57},"4":{"name":"(anonymous_4)","decl":{"start":{"line":63,"column":31},"end":{"line":63,"column":32}},"loc":{"start":{"line":63,"column":52},"end":{"line":65,"column":5}},"line":63},"5":{"name":"(anonymous_5)","decl":{"start":{"line":68,"column":34},"end":{"line":68,"column":40}},"loc":{"start":{"line":68,"column":40},"end":{"line":70,"column":5}},"line":68},"6":{"name":"(anonymous_6)","decl":{"start":{"line":69,"column":18},"end":{"line":69,"column":26}},"loc":{"start":{"line":69,"column":26},"end":{"line":69,"column":61}},"line":69}},"branchMap":{"0":{"loc":{"start":{"line":11,"column":2},"end":{"line":11,"column":null}},"type":"if","locations":[{"start":{"line":11,"column":2},"end":{"line":11,"column":null}},{"start":{},"end":{}}],"line":11},"1":{"loc":{"start":{"line":14,"column":9},"end":{"line":14,"column":null}},"type":"cond-expr","locations":[{"start":{"line":14,"column":18},"end":{"line":14,"column":27}},{"start":{"line":14,"column":27},"end":{"line":14,"column":null}}],"line":14},"2":{"loc":{"start":{"line":21,"column":2},"end":{"line":21,"column":null}},"type":"if","locations":[{"start":{"line":21,"column":2},"end":{"line":21,"column":null}},{"start":{},"end":{}}],"line":21},"3":{"loc":{"start":{"line":25,"column":2},"end":{"line":27,"column":null}},"type":"if","locations":[{"start":{"line":25,"column":2},"end":{"line":27,"column":null}},{"start":{},"end":{}}],"line":25},"4":{"loc":{"start":{"line":25,"column":6},"end":{"line":25,"column":47}},"type":"binary-expr","locations":[{"start":{"line":25,"column":6},"end":{"line":25,"column":28}},{"start":{"line":25,"column":28},"end":{"line":25,"column":47}}],"line":25},"5":{"loc":{"start":{"line":69,"column":26},"end":{"line":69,"column":61}},"type":"cond-expr","locations":[{"start":{"line":69,"column":45},"end":{"line":69,"column":54}},{"start":{"line":69,"column":54},"end":{"line":69,"column":61}}],"line":69}},"s":{"0":1,"1":7,"2":0,"3":7,"4":7,"5":9,"6":0,"7":9,"8":9,"9":2,"10":7,"11":15,"12":15,"13":15,"14":15,"15":15,"16":3,"17":15,"18":3,"19":3,"20":15},"f":{"0":7,"1":9,"2":15,"3":15,"4":3,"5":3,"6":3},"b":{"0":[0,7],"1":[1,6],"2":[0,9],"3":[2,7],"4":[9,8],"5":[2,1]},"meta":{"lastBranch":6,"lastFunction":7,"lastStatement":21,"seen":{"s:5:20:5:Infinity":0,"f:10:9:10:33":0,"b:11:2:11:Infinity:undefined:undefined:undefined:undefined":0,"s:11:2:11:Infinity":1,"s:11:37:11:Infinity":2,"s:13:17:13:Infinity":3,"s:14:2:14:Infinity":4,"b:14:18:14:27:14:27:14:Infinity":1,"f:20:9:20:34":1,"b:21:2:21:Infinity:undefined:undefined:undefined:undefined":2,"s:21:2:21:Infinity":5,"s:21:37:21:Infinity":6,"s:24:17:24:Infinity":7,"b:25:2:27:Infinity:undefined:undefined:undefined:undefined":3,"s:25:2:27:Infinity":8,"b:25:6:25:28:25:28:25:47":4,"s:26:4:26:Infinity":9,"s:30:2:30:Infinity":10,"f:53:16:53:43":2,"s:54:29:54:Infinity":11,"s:57:2:60:Infinity":12,"f:57:12:57:18":3,"s:58:4:58:Infinity":13,"s:59:4:59:Infinity":14,"s:63:8:65:Infinity":15,"f:63:31:63:32":4,"s:64:4:64:Infinity":16,"s:68:8:70:Infinity":17,"f:68:34:68:40":5,"s:69:4:69:Infinity":18,"f:69:18:69:26":6,"s:69:26:69:61":19,"b:69:45:69:54:69:54:69:61":5,"s:72:2:77:Infinity":20}}}
,"/Users/blumaa/code/filmections/src/lib/puzzle-engine/PuzzleEngine.ts": {"path":"/Users/blumaa/code/filmections/src/lib/puzzle-engine/PuzzleEngine.ts","statementMap":{"0":{"start":{"line":51,"column":4},"end":{"line":51,"column":null}},"1":{"start":{"line":52,"column":4},"end":{"line":52,"column":null}},"2":{"start":{"line":53,"column":4},"end":{"line":53,"column":null}},"3":{"start":{"line":56,"column":4},"end":{"line":62,"column":null}},"4":{"start":{"line":80,"column":15},"end":{"line":80,"column":null}},"5":{"start":{"line":81,"column":4},"end":{"line":91,"column":null}},"6":{"start":{"line":82,"column":6},"end":{"line":82,"column":null}},"7":{"start":{"line":82,"column":41},"end":{"line":82,"column":69}},"8":{"start":{"line":85,"column":6},"end":{"line":90,"column":null}},"9":{"start":{"line":86,"column":8},"end":{"line":88,"column":null}},"10":{"start":{"line":89,"column":8},"end":{"line":89,"column":null}},"11":{"start":{"line":94,"column":22},"end":{"line":94,"column":null}},"12":{"start":{"line":96,"column":4},"end":{"line":98,"column":null}},"13":{"start":{"line":97,"column":6},"end":{"line":97,"column":null}},"14":{"start":{"line":100,"column":23},"end":{"line":102,"column":null}},"15":{"start":{"line":101,"column":34},"end":{"line":101,"column":56}},"16":{"start":{"line":105,"column":26},"end":{"line":105,"column":null}},"17":{"start":{"line":108,"column":4},"end":{"line":112,"column":null}},"18":{"start":{"line":109,"column":6},"end":{"line":111,"column":null}},"19":{"start":{"line":110,"column":19},"end":{"line":110,"column":null}},"20":{"start":{"line":115,"column":4},"end":{"line":119,"column":null}},"21":{"start":{"line":116,"column":6},"end":{"line":118,"column":null}},"22":{"start":{"line":122,"column":27},"end":{"line":125,"column":null}},"23":{"start":{"line":128,"column":4},"end":{"line":132,"column":null}},"24":{"start":{"line":129,"column":6},"end":{"line":131,"column":null}},"25":{"start":{"line":135,"column":28},"end":{"line":141,"column":null}},"26":{"start":{"line":135,"column":66},"end":{"line":141,"column":6}},"27":{"start":{"line":144,"column":21},"end":{"line":144,"column":null}},"28":{"start":{"line":144,"column":47},"end":{"line":144,"column":58}},"29":{"start":{"line":145,"column":10},"end":{"line":145,"column":null}},"30":{"start":{"line":147,"column":4},"end":{"line":147,"column":null}},"31":{"start":{"line":158,"column":4},"end":{"line":163,"column":null}},"32":{"start":{"line":172,"column":4},"end":{"line":172,"column":null}},"33":{"start":{"line":181,"column":4},"end":{"line":181,"column":null}},"34":{"start":{"line":190,"column":4},"end":{"line":190,"column":null}},"35":{"start":{"line":199,"column":4},"end":{"line":199,"column":null}}},"fnMap":{"0":{"name":"(anonymous_0)","decl":{"start":{"line":50,"column":2},"end":{"line":50,"column":14}},"loc":{"start":{"line":50,"column":53},"end":{"line":63,"column":null}},"line":50},"1":{"name":"(anonymous_1)","decl":{"start":{"line":74,"column":8},"end":{"line":74,"column":null}},"loc":{"start":{"line":78,"column":30},"end":{"line":148,"column":null}},"line":78},"2":{"name":"(anonymous_2)","decl":{"start":{"line":82,"column":30},"end":{"line":82,"column":31}},"loc":{"start":{"line":82,"column":41},"end":{"line":82,"column":69}},"line":82},"3":{"name":"(anonymous_3)","decl":{"start":{"line":101,"column":20},"end":{"line":101,"column":21}},"loc":{"start":{"line":101,"column":34},"end":{"line":101,"column":56}},"line":101},"4":{"name":"(anonymous_4)","decl":{"start":{"line":110,"column":8},"end":{"line":110,"column":9}},"loc":{"start":{"line":110,"column":19},"end":{"line":110,"column":null}},"line":110},"5":{"name":"(anonymous_5)","decl":{"start":{"line":135,"column":47},"end":{"line":135,"column":48}},"loc":{"start":{"line":135,"column":66},"end":{"line":141,"column":6}},"line":135},"6":{"name":"(anonymous_6)","decl":{"start":{"line":144,"column":36},"end":{"line":144,"column":37}},"loc":{"start":{"line":144,"column":47},"end":{"line":144,"column":58}},"line":144},"7":{"name":"(anonymous_7)","decl":{"start":{"line":157,"column":10},"end":{"line":157,"column":21}},"loc":{"start":{"line":157,"column":52},"end":{"line":164,"column":null}},"line":157},"8":{"name":"(anonymous_8)","decl":{"start":{"line":171,"column":2},"end":{"line":171,"column":34}},"loc":{"start":{"line":171,"column":34},"end":{"line":173,"column":null}},"line":171},"9":{"name":"(anonymous_9)","decl":{"start":{"line":180,"column":2},"end":{"line":180,"column":31}},"loc":{"start":{"line":180,"column":31},"end":{"line":182,"column":null}},"line":180},"10":{"name":"(anonymous_10)","decl":{"start":{"line":189,"column":2},"end":{"line":189,"column":12}},"loc":{"start":{"line":189,"column":52},"end":{"line":191,"column":null}},"line":189},"11":{"name":"(anonymous_11)","decl":{"start":{"line":198,"column":2},"end":{"line":198,"column":35}},"loc":{"start":{"line":198,"column":35},"end":{"line":200,"column":null}},"line":198}},"branchMap":{"0":{"loc":{"start":{"line":50,"column":14},"end":{"line":50,"column":53}},"type":"default-arg","locations":[{"start":{"line":50,"column":49},"end":{"line":50,"column":53}}],"line":50},"1":{"loc":{"start":{"line":81,"column":4},"end":{"line":91,"column":null}},"type":"if","locations":[{"start":{"line":81,"column":4},"end":{"line":91,"column":null}},{"start":{},"end":{}}],"line":81},"2":{"loc":{"start":{"line":81,"column":8},"end":{"line":81,"column":57}},"type":"binary-expr","locations":[{"start":{"line":81,"column":8},"end":{"line":81,"column":42}},{"start":{"line":81,"column":42},"end":{"line":81,"column":57}}],"line":81},"3":{"loc":{"start":{"line":85,"column":6},"end":{"line":90,"column":null}},"type":"if","locations":[{"start":{"line":85,"column":6},"end":{"line":90,"column":null}},{"start":{},"end":{}}],"line":85},"4":{"loc":{"start":{"line":96,"column":4},"end":{"line":98,"column":null}},"type":"if","locations":[{"start":{"line":96,"column":4},"end":{"line":98,"column":null}},{"start":{},"end":{}}],"line":96},"5":{"loc":{"start":{"line":108,"column":4},"end":{"line":112,"column":null}},"type":"if","locations":[{"start":{"line":108,"column":4},"end":{"line":112,"column":null}},{"start":{},"end":{}}],"line":108},"6":{"loc":{"start":{"line":108,"column":8},"end":{"line":108,"column":57}},"type":"binary-expr","locations":[{"start":{"line":108,"column":8},"end":{"line":108,"column":29}},{"start":{"line":108,"column":29},"end":{"line":108,"column":57}}],"line":108},"7":{"loc":{"start":{"line":115,"column":4},"end":{"line":119,"column":null}},"type":"if","locations":[{"start":{"line":115,"column":4},"end":{"line":119,"column":null}},{"start":{},"end":{}}],"line":115},"8":{"loc":{"start":{"line":128,"column":4},"end":{"line":132,"column":null}},"type":"if","locations":[{"start":{"line":128,"column":4},"end":{"line":132,"column":null}},{"start":{},"end":{}}],"line":128},"9":{"loc":{"start":{"line":162,"column":19},"end":{"line":162,"column":null}},"type":"binary-expr","locations":[{"start":{"line":162,"column":19},"end":{"line":162,"column":40}},{"start":{"line":162,"column":40},"end":{"line":162,"column":null}}],"line":162}},"s":{"0":21,"1":21,"2":21,"3":21,"4":19,"5":19,"6":13,"7":3750,"8":13,"9":0,"10":0,"11":19,"12":19,"13":0,"14":19,"15":114,"16":19,"17":19,"18":9,"19":454,"20":19,"21":0,"22":19,"23":19,"24":0,"25":19,"26":76,"27":19,"28":76,"29":19,"30":19,"31":304,"32":0,"33":0,"34":2,"35":0},"f":{"0":21,"1":19,"2":3750,"3":114,"4":454,"5":76,"6":76,"7":304,"8":0,"9":0,"10":2,"11":0},"b":{"0":[21],"1":[13,6],"2":[19,19],"3":[0,13],"4":[0,19],"5":[9,10],"6":[19,13],"7":[0,19],"8":[0,19],"9":[304,304]},"meta":{"lastBranch":10,"lastFunction":12,"lastStatement":36,"seen":{"f:50:2:50:14":0,"b:50:49:50:53":0,"s:51:4:51:Infinity":0,"s:52:4:52:Infinity":1,"s:53:4:53:Infinity":2,"s:56:4:62:Infinity":3,"f:74:8:74:Infinity":1,"s:80:15:80:Infinity":4,"b:81:4:91:Infinity:undefined:undefined:undefined:undefined":1,"s:81:4:91:Infinity":5,"b:81:8:81:42:81:42:81:57":2,"s:82:6:82:Infinity":6,"f:82:30:82:31":2,"s:82:41:82:69":7,"b:85:6:90:Infinity:undefined:undefined:undefined:undefined":3,"s:85:6:90:Infinity":8,"s:86:8:88:Infinity":9,"s:89:8:89:Infinity":10,"s:94:22:94:Infinity":11,"b:96:4:98:Infinity:undefined:undefined:undefined:undefined":4,"s:96:4:98:Infinity":12,"s:97:6:97:Infinity":13,"s:100:23:102:Infinity":14,"f:101:20:101:21":3,"s:101:34:101:56":15,"s:105:26:105:Infinity":16,"b:108:4:112:Infinity:undefined:undefined:undefined:undefined":5,"s:108:4:112:Infinity":17,"b:108:8:108:29:108:29:108:57":6,"s:109:6:111:Infinity":18,"f:110:8:110:9":4,"s:110:19:110:Infinity":19,"b:115:4:119:Infinity:undefined:undefined:undefined:undefined":7,"s:115:4:119:Infinity":20,"s:116:6:118:Infinity":21,"s:122:27:125:Infinity":22,"b:128:4:132:Infinity:undefined:undefined:undefined:undefined":8,"s:128:4:132:Infinity":23,"s:129:6:131:Infinity":24,"s:135:28:141:Infinity":25,"f:135:47:135:48":5,"s:135:66:141:6":26,"s:144:21:144:Infinity":27,"f:144:36:144:37":6,"s:144:47:144:58":28,"s:145:10:145:Infinity":29,"s:147:4:147:Infinity":30,"f:157:10:157:21":7,"s:158:4:163:Infinity":31,"b:162:19:162:40:162:40:162:Infinity":9,"f:171:2:171:34":8,"s:172:4:172:Infinity":32,"f:180:2:180:31":9,"s:181:4:181:Infinity":33,"f:189:2:189:12":10,"s:190:4:190:Infinity":34,"f:198:2:198:35":11,"s:199:4:199:Infinity":35}}}
,"/Users/blumaa/code/filmections/src/lib/puzzle-engine/PuzzleGenerator.ts": {"path":"/Users/blumaa/code/filmections/src/lib/puzzle-engine/PuzzleGenerator.ts","statementMap":{"0":{"start":{"line":117,"column":122},"end":{"line":123,"column":null}},"1":{"start":{"line":138,"column":4},"end":{"line":138,"column":null}},"2":{"start":{"line":139,"column":4},"end":{"line":139,"column":null}},"3":{"start":{"line":140,"column":4},"end":{"line":140,"column":null}},"4":{"start":{"line":143,"column":4},"end":{"line":143,"column":null}},"5":{"start":{"line":146,"column":4},"end":{"line":151,"column":null}},"6":{"start":{"line":171,"column":25},"end":{"line":171,"column":null}},"7":{"start":{"line":173,"column":4},"end":{"line":177,"column":null}},"8":{"start":{"line":174,"column":6},"end":{"line":176,"column":null}},"9":{"start":{"line":180,"column":4},"end":{"line":180,"column":null}},"10":{"start":{"line":182,"column":34},"end":{"line":182,"column":null}},"11":{"start":{"line":183,"column":45},"end":{"line":183,"column":null}},"12":{"start":{"line":184,"column":27},"end":{"line":184,"column":null}},"13":{"start":{"line":187,"column":4},"end":{"line":225,"column":null}},"14":{"start":{"line":187,"column":23},"end":{"line":187,"column":26}},"15":{"start":{"line":188,"column":6},"end":{"line":224,"column":null}},"16":{"start":{"line":190,"column":23},"end":{"line":194,"column":null}},"17":{"start":{"line":197,"column":32},"end":{"line":197,"column":null}},"18":{"start":{"line":200,"column":31},"end":{"line":200,"column":null}},"19":{"start":{"line":203,"column":8},"end":{"line":210,"column":null}},"20":{"start":{"line":204,"column":10},"end":{"line":209,"column":null}},"21":{"start":{"line":213,"column":8},"end":{"line":216,"column":null}},"22":{"start":{"line":214,"column":10},"end":{"line":214,"column":null}},"23":{"start":{"line":215,"column":10},"end":{"line":215,"column":null}},"24":{"start":{"line":218,"column":8},"end":{"line":220,"column":null}},"25":{"start":{"line":222,"column":8},"end":{"line":222,"column":null}},"26":{"start":{"line":223,"column":8},"end":{"line":223,"column":null}},"27":{"start":{"line":228,"column":4},"end":{"line":238,"column":null}},"28":{"start":{"line":229,"column":6},"end":{"line":231,"column":null}},"29":{"start":{"line":232,"column":6},"end":{"line":237,"column":null}},"30":{"start":{"line":241,"column":4},"end":{"line":243,"column":null}},"31":{"start":{"line":259,"column":50},"end":{"line":259,"column":null}},"32":{"start":{"line":260,"column":24},"end":{"line":260,"column":null}},"33":{"start":{"line":261,"column":28},"end":{"line":261,"column":null}},"34":{"start":{"line":263,"column":20},"end":{"line":263,"column":null}},"35":{"start":{"line":264,"column":17},"end":{"line":264,"column":null}},"36":{"start":{"line":265,"column":24},"end":{"line":265,"column":null}},"37":{"start":{"line":267,"column":4},"end":{"line":290,"column":null}},"38":{"start":{"line":267,"column":17},"end":{"line":267,"column":20}},"39":{"start":{"line":268,"column":6},"end":{"line":289,"column":null}},"40":{"start":{"line":269,"column":23},"end":{"line":273,"column":null}},"41":{"start":{"line":275,"column":8},"end":{"line":275,"column":null}},"42":{"start":{"line":276,"column":8},"end":{"line":276,"column":null}},"43":{"start":{"line":277,"column":8},"end":{"line":277,"column":null}},"44":{"start":{"line":280,"column":8},"end":{"line":280,"column":null}},"45":{"start":{"line":280,"column":39},"end":{"line":280,"column":63}},"46":{"start":{"line":281,"column":8},"end":{"line":281,"column":null}},"47":{"start":{"line":281,"column":41},"end":{"line":281,"column":78}},"48":{"start":{"line":283,"column":8},"end":{"line":285,"column":null}},"49":{"start":{"line":287,"column":8},"end":{"line":287,"column":null}},"50":{"start":{"line":288,"column":8},"end":{"line":288,"column":null}},"51":{"start":{"line":293,"column":6},"end":{"line":295,"column":null}},"52":{"start":{"line":294,"column":37},"end":{"line":294,"column":59}},"53":{"start":{"line":297,"column":4},"end":{"line":303,"column":null}},"54":{"start":{"line":314,"column":4},"end":{"line":316,"column":null}},"55":{"start":{"line":315,"column":6},"end":{"line":315,"column":null}},"56":{"start":{"line":318,"column":4},"end":{"line":381,"column":null}},"57":{"start":{"line":320,"column":6},"end":{"line":332,"column":null}},"58":{"start":{"line":321,"column":21},"end":{"line":323,"column":null}},"59":{"start":{"line":325,"column":8},"end":{"line":327,"column":null}},"60":{"start":{"line":326,"column":10},"end":{"line":326,"column":null}},"61":{"start":{"line":329,"column":8},"end":{"line":331,"column":null}},"62":{"start":{"line":330,"column":10},"end":{"line":330,"column":null}},"63":{"start":{"line":335,"column":6},"end":{"line":340,"column":null}},"64":{"start":{"line":339,"column":8},"end":{"line":339,"column":null}},"65":{"start":{"line":342,"column":6},"end":{"line":347,"column":null}},"66":{"start":{"line":346,"column":8},"end":{"line":346,"column":null}},"67":{"start":{"line":350,"column":6},"end":{"line":355,"column":null}},"68":{"start":{"line":354,"column":8},"end":{"line":354,"column":null}},"69":{"start":{"line":358,"column":6},"end":{"line":378,"column":null}},"70":{"start":{"line":359,"column":28},"end":{"line":359,"column":null}},"71":{"start":{"line":361,"column":8},"end":{"line":368,"column":null}},"72":{"start":{"line":362,"column":34},"end":{"line":364,"column":null}},"73":{"start":{"line":363,"column":12},"end":{"line":363,"column":null}},"74":{"start":{"line":365,"column":10},"end":{"line":367,"column":null}},"75":{"start":{"line":366,"column":12},"end":{"line":366,"column":null}},"76":{"start":{"line":370,"column":8},"end":{"line":377,"column":null}},"77":{"start":{"line":371,"column":35},"end":{"line":373,"column":null}},"78":{"start":{"line":372,"column":12},"end":{"line":372,"column":null}},"79":{"start":{"line":374,"column":10},"end":{"line":376,"column":null}},"80":{"start":{"line":375,"column":12},"end":{"line":375,"column":null}},"81":{"start":{"line":380,"column":6},"end":{"line":380,"column":null}},"82":{"start":{"line":408,"column":4},"end":{"line":424,"column":null}},"83":{"start":{"line":408,"column":41},"end":{"line":424,"column":6}},"84":{"start":{"line":409,"column":40},"end":{"line":420,"column":8}},"85":{"start":{"line":435,"column":43},"end":{"line":440,"column":null}},"86":{"start":{"line":441,"column":4},"end":{"line":441,"column":null}},"87":{"start":{"line":450,"column":4},"end":{"line":450,"column":null}},"88":{"start":{"line":452,"column":4},"end":{"line":454,"column":null}},"89":{"start":{"line":453,"column":6},"end":{"line":453,"column":null}},"90":{"start":{"line":456,"column":4},"end":{"line":458,"column":null}},"91":{"start":{"line":457,"column":6},"end":{"line":457,"column":null}},"92":{"start":{"line":460,"column":4},"end":{"line":462,"column":null}},"93":{"start":{"line":461,"column":6},"end":{"line":461,"column":null}},"94":{"start":{"line":465,"column":4},"end":{"line":469,"column":null}},"95":{"start":{"line":478,"column":4},"end":{"line":483,"column":null}},"96":{"start":{"line":492,"column":4},"end":{"line":492,"column":null}},"97":{"start":{"line":501,"column":4},"end":{"line":501,"column":null}}},"fnMap":{"0":{"name":"(anonymous_0)","decl":{"start":{"line":137,"column":2},"end":{"line":137,"column":14}},"loc":{"start":{"line":137,"column":50},"end":{"line":152,"column":null}},"line":137},"1":{"name":"(anonymous_1)","decl":{"start":{"line":165,"column":8},"end":{"line":165,"column":null}},"loc":{"start":{"line":169,"column":41},"end":{"line":244,"column":null}},"line":169},"2":{"name":"(anonymous_2)","decl":{"start":{"line":255,"column":8},"end":{"line":255,"column":null}},"loc":{"start":{"line":258,"column":36},"end":{"line":304,"column":null}},"line":258},"3":{"name":"(anonymous_3)","decl":{"start":{"line":280,"column":29},"end":{"line":280,"column":30}},"loc":{"start":{"line":280,"column":39},"end":{"line":280,"column":63}},"line":280},"4":{"name":"(anonymous_4)","decl":{"start":{"line":281,"column":30},"end":{"line":281,"column":31}},"loc":{"start":{"line":281,"column":41},"end":{"line":281,"column":78}},"line":281},"5":{"name":"(anonymous_5)","decl":{"start":{"line":294,"column":25},"end":{"line":294,"column":26}},"loc":{"start":{"line":294,"column":37},"end":{"line":294,"column":59}},"line":294},"6":{"name":"(anonymous_6)","decl":{"start":{"line":313,"column":10},"end":{"line":313,"column":27}},"loc":{"start":{"line":313,"column":75},"end":{"line":382,"column":null}},"line":313},"7":{"name":"(anonymous_7)","decl":{"start":{"line":318,"column":25},"end":{"line":318,"column":26}},"loc":{"start":{"line":318,"column":36},"end":{"line":381,"column":5}},"line":318},"8":{"name":"(anonymous_8)","decl":{"start":{"line":362,"column":51},"end":{"line":362,"column":52}},"loc":{"start":{"line":363,"column":12},"end":{"line":363,"column":null}},"line":363},"9":{"name":"(anonymous_9)","decl":{"start":{"line":371,"column":52},"end":{"line":371,"column":53}},"loc":{"start":{"line":372,"column":12},"end":{"line":372,"column":null}},"line":372},"10":{"name":"(anonymous_10)","decl":{"start":{"line":393,"column":10},"end":{"line":393,"column":37}},"loc":{"start":{"line":393,"column":37},"end":{"line":396,"column":null}},"line":393},"11":{"name":"(anonymous_11)","decl":{"start":{"line":405,"column":10},"end":{"line":405,"column":33}},"loc":{"start":{"line":405,"column":76},"end":{"line":425,"column":null}},"line":405},"12":{"name":"(anonymous_12)","decl":{"start":{"line":408,"column":29},"end":{"line":408,"column":30}},"loc":{"start":{"line":408,"column":41},"end":{"line":424,"column":6}},"line":408},"13":{"name":"(anonymous_13)","decl":{"start":{"line":409,"column":29},"end":{"line":409,"column":30}},"loc":{"start":{"line":409,"column":40},"end":{"line":420,"column":8}},"line":409},"14":{"name":"(anonymous_14)","decl":{"start":{"line":434,"column":10},"end":{"line":434,"column":28}},"loc":{"start":{"line":434,"column":56},"end":{"line":442,"column":null}},"line":434},"15":{"name":"(anonymous_15)","decl":{"start":{"line":449,"column":2},"end":{"line":449,"column":12}},"loc":{"start":{"line":449,"column":58},"end":{"line":470,"column":null}},"line":449},"16":{"name":"(anonymous_16)","decl":{"start":{"line":477,"column":2},"end":{"line":477,"column":37}},"loc":{"start":{"line":477,"column":37},"end":{"line":484,"column":null}},"line":477},"17":{"name":"(anonymous_17)","decl":{"start":{"line":491,"column":2},"end":{"line":491,"column":29}},"loc":{"start":{"line":491,"column":29},"end":{"line":493,"column":null}},"line":491},"18":{"name":"(anonymous_18)","decl":{"start":{"line":500,"column":2},"end":{"line":500,"column":28}},"loc":{"start":{"line":500,"column":28},"end":{"line":502,"column":null}},"line":500}},"branchMap":{"0":{"loc":{"start":{"line":137,"column":14},"end":{"line":137,"column":50}},"type":"default-arg","locations":[{"start":{"line":137,"column":46},"end":{"line":137,"column":50}}],"line":137},"1":{"loc":{"start":{"line":173,"column":4},"end":{"line":177,"column":null}},"type":"if","locations":[{"start":{"line":173,"column":4},"end":{"line":177,"column":null}},{"start":{},"end":{}}],"line":173},"2":{"loc":{"start":{"line":203,"column":8},"end":{"line":210,"column":null}},"type":"if","locations":[{"start":{"line":203,"column":8},"end":{"line":210,"column":null}},{"start":{},"end":{}}],"line":203},"3":{"loc":{"start":{"line":203,"column":12},"end":{"line":203,"column":106}},"type":"binary-expr","locations":[{"start":{"line":203,"column":12},"end":{"line":203,"column":45}},{"start":{"line":203,"column":45},"end":{"line":203,"column":106}}],"line":203},"4":{"loc":{"start":{"line":213,"column":8},"end":{"line":216,"column":null}},"type":"if","locations":[{"start":{"line":213,"column":8},"end":{"line":216,"column":null}},{"start":{},"end":{}}],"line":213},"5":{"loc":{"start":{"line":228,"column":4},"end":{"line":238,"column":null}},"type":"if","locations":[{"start":{"line":228,"column":4},"end":{"line":238,"column":null}},{"start":{},"end":{}}],"line":228},"6":{"loc":{"start":{"line":228,"column":8},"end":{"line":228,"column":77}},"type":"binary-expr","locations":[{"start":{"line":228,"column":8},"end":{"line":228,"column":22}},{"start":{"line":228,"column":22},"end":{"line":228,"column":77}}],"line":228},"7":{"loc":{"start":{"line":242,"column":98},"end":{"line":242,"column":135}},"type":"binary-expr","locations":[{"start":{"line":242,"column":98},"end":{"line":242,"column":120}},{"start":{"line":242,"column":120},"end":{"line":242,"column":135}}],"line":242},"8":{"loc":{"start":{"line":293,"column":6},"end":{"line":295,"column":null}},"type":"cond-expr","locations":[{"start":{"line":294,"column":10},"end":{"line":294,"column":null}},{"start":{"line":295,"column":10},"end":{"line":295,"column":null}}],"line":293},"9":{"loc":{"start":{"line":314,"column":4},"end":{"line":316,"column":null}},"type":"if","locations":[{"start":{"line":314,"column":4},"end":{"line":316,"column":null}},{"start":{},"end":{}}],"line":314},"10":{"loc":{"start":{"line":320,"column":6},"end":{"line":332,"column":null}},"type":"if","locations":[{"start":{"line":320,"column":6},"end":{"line":332,"column":null}},{"start":{},"end":{}}],"line":320},"11":{"loc":{"start":{"line":320,"column":10},"end":{"line":320,"column":66}},"type":"binary-expr","locations":[{"start":{"line":320,"column":10},"end":{"line":320,"column":39}},{"start":{"line":320,"column":39},"end":{"line":320,"column":66}}],"line":320},"12":{"loc":{"start":{"line":321,"column":21},"end":{"line":323,"column":null}},"type":"cond-expr","locations":[{"start":{"line":322,"column":12},"end":{"line":322,"column":null}},{"start":{"line":323,"column":12},"end":{"line":323,"column":null}}],"line":321},"13":{"loc":{"start":{"line":325,"column":8},"end":{"line":327,"column":null}},"type":"if","locations":[{"start":{"line":325,"column":8},"end":{"line":327,"column":null}},{"start":{},"end":{}}],"line":325},"14":{"loc":{"start":{"line":325,"column":12},"end":{"line":325,"column":75}},"type":"binary-expr","locations":[{"start":{"line":325,"column":12},"end":{"line":325,"column":41}},{"start":{"line":325,"column":41},"end":{"line":325,"column":75}}],"line":325},"15":{"loc":{"start":{"line":329,"column":8},"end":{"line":331,"column":null}},"type":"if","locations":[{"start":{"line":329,"column":8},"end":{"line":331,"column":null}},{"start":{},"end":{}}],"line":329},"16":{"loc":{"start":{"line":329,"column":12},"end":{"line":329,"column":75}},"type":"binary-expr","locations":[{"start":{"line":329,"column":12},"end":{"line":329,"column":41}},{"start":{"line":329,"column":41},"end":{"line":329,"column":75}}],"line":329},"17":{"loc":{"start":{"line":335,"column":6},"end":{"line":340,"column":null}},"type":"if","locations":[{"start":{"line":335,"column":6},"end":{"line":340,"column":null}},{"start":{},"end":{}}],"line":335},"18":{"loc":{"start":{"line":336,"column":8},"end":{"line":337,"column":null}},"type":"binary-expr","locations":[{"start":{"line":336,"column":8},"end":{"line":336,"column":null}},{"start":{"line":336,"column":26},"end":{"line":337,"column":null}}],"line":336},"19":{"loc":{"start":{"line":337,"column":9},"end":{"line":337,"column":34}},"type":"binary-expr","locations":[{"start":{"line":337,"column":9},"end":{"line":337,"column":29}},{"start":{"line":337,"column":29},"end":{"line":337,"column":34}}],"line":337},"20":{"loc":{"start":{"line":342,"column":6},"end":{"line":347,"column":null}},"type":"if","locations":[{"start":{"line":342,"column":6},"end":{"line":347,"column":null}},{"start":{},"end":{}}],"line":342},"21":{"loc":{"start":{"line":343,"column":8},"end":{"line":344,"column":null}},"type":"binary-expr","locations":[{"start":{"line":343,"column":8},"end":{"line":343,"column":null}},{"start":{"line":343,"column":26},"end":{"line":344,"column":null}}],"line":343},"22":{"loc":{"start":{"line":344,"column":9},"end":{"line":344,"column":34}},"type":"binary-expr","locations":[{"start":{"line":344,"column":9},"end":{"line":344,"column":29}},{"start":{"line":344,"column":29},"end":{"line":344,"column":34}}],"line":344},"23":{"loc":{"start":{"line":350,"column":6},"end":{"line":355,"column":null}},"type":"if","locations":[{"start":{"line":350,"column":6},"end":{"line":355,"column":null}},{"start":{},"end":{}}],"line":350},"24":{"loc":{"start":{"line":351,"column":8},"end":{"line":352,"column":null}},"type":"binary-expr","locations":[{"start":{"line":351,"column":8},"end":{"line":351,"column":null}},{"start":{"line":351,"column":26},"end":{"line":352,"column":null}}],"line":351},"25":{"loc":{"start":{"line":352,"column":9},"end":{"line":352,"column":34}},"type":"binary-expr","locations":[{"start":{"line":352,"column":9},"end":{"line":352,"column":29}},{"start":{"line":352,"column":29},"end":{"line":352,"column":34}}],"line":352},"26":{"loc":{"start":{"line":358,"column":6},"end":{"line":378,"column":null}},"type":"if","locations":[{"start":{"line":358,"column":6},"end":{"line":378,"column":null}},{"start":{},"end":{}}],"line":358},"27":{"loc":{"start":{"line":358,"column":10},"end":{"line":358,"column":79}},"type":"binary-expr","locations":[{"start":{"line":358,"column":10},"end":{"line":358,"column":45}},{"start":{"line":358,"column":45},"end":{"line":358,"column":79}}],"line":358},"28":{"loc":{"start":{"line":359,"column":28},"end":{"line":359,"column":null}},"type":"binary-expr","locations":[{"start":{"line":359,"column":28},"end":{"line":359,"column":47}},{"start":{"line":359,"column":47},"end":{"line":359,"column":null}}],"line":359},"29":{"loc":{"start":{"line":361,"column":8},"end":{"line":368,"column":null}},"type":"if","locations":[{"start":{"line":361,"column":8},"end":{"line":368,"column":null}},{"start":{},"end":{}}],"line":361},"30":{"loc":{"start":{"line":365,"column":10},"end":{"line":367,"column":null}},"type":"if","locations":[{"start":{"line":365,"column":10},"end":{"line":367,"column":null}},{"start":{},"end":{}}],"line":365},"31":{"loc":{"start":{"line":370,"column":8},"end":{"line":377,"column":null}},"type":"if","locations":[{"start":{"line":370,"column":8},"end":{"line":377,"column":null}},{"start":{},"end":{}}],"line":370},"32":{"loc":{"start":{"line":374,"column":10},"end":{"line":376,"column":null}},"type":"if","locations":[{"start":{"line":374,"column":10},"end":{"line":376,"column":null}},{"start":{},"end":{}}],"line":374},"33":{"loc":{"start":{"line":413,"column":21},"end":{"line":413,"column":null}},"type":"binary-expr","locations":[{"start":{"line":413,"column":21},"end":{"line":413,"column":41}},{"start":{"line":413,"column":41},"end":{"line":413,"column":null}}],"line":413},"34":{"loc":{"start":{"line":422,"column":22},"end":{"line":422,"column":null}},"type":"binary-expr","locations":[{"start":{"line":422,"column":22},"end":{"line":422,"column":48}},{"start":{"line":422,"column":48},"end":{"line":422,"column":null}}],"line":422},"35":{"loc":{"start":{"line":441,"column":11},"end":{"line":441,"column":null}},"type":"binary-expr","locations":[{"start":{"line":441,"column":11},"end":{"line":441,"column":33}},{"start":{"line":441,"column":33},"end":{"line":441,"column":null}}],"line":441},"36":{"loc":{"start":{"line":452,"column":4},"end":{"line":454,"column":null}},"type":"if","locations":[{"start":{"line":452,"column":4},"end":{"line":454,"column":null}},{"start":{},"end":{}}],"line":452},"37":{"loc":{"start":{"line":456,"column":4},"end":{"line":458,"column":null}},"type":"if","locations":[{"start":{"line":456,"column":4},"end":{"line":458,"column":null}},{"start":{},"end":{}}],"line":456},"38":{"loc":{"start":{"line":460,"column":4},"end":{"line":462,"column":null}},"type":"if","locations":[{"start":{"line":460,"column":4},"end":{"line":462,"column":null}},{"start":{},"end":{}}],"line":460},"39":{"loc":{"start":{"line":480,"column":24},"end":{"line":480,"column":null}},"type":"cond-expr","locations":[{"start":{"line":480,"column":48},"end":{"line":480,"column":77}},{"start":{"line":480,"column":77},"end":{"line":480,"column":null}}],"line":480},"40":{"loc":{"start":{"line":481,"column":19},"end":{"line":481,"column":null}},"type":"cond-expr","locations":[{"start":{"line":481,"column":38},"end":{"line":481,"column":64}},{"start":{"line":481,"column":64},"end":{"line":481,"column":null}}],"line":481}},"s":{"0":1,"1":21,"2":21,"3":21,"4":21,"5":21,"6":22,"7":22,"8":4,"9":18,"10":18,"11":18,"12":18,"13":18,"14":18,"15":19,"16":19,"17":19,"18":19,"19":19,"20":17,"21":2,"22":1,"23":1,"24":2,"25":0,"26":0,"27":1,"28":1,"29":1,"30":0,"31":4,"32":4,"33":4,"34":4,"35":4,"36":4,"37":4,"38":4,"39":12,"40":12,"41":12,"42":12,"43":12,"44":12,"45":192,"46":12,"47":48,"48":12,"49":0,"50":0,"51":12,"52":12,"53":4,"54":22,"55":18,"56":4,"57":16,"58":8,"59":8,"60":5,"61":3,"62":1,"63":10,"64":2,"65":8,"66":0,"67":8,"68":0,"69":8,"70":4,"71":4,"72":4,"73":5,"74":4,"75":2,"76":2,"77":0,"78":0,"79":0,"80":0,"81":6,"82":19,"83":76,"84":304,"85":76,"86":76,"87":2,"88":2,"89":1,"90":2,"91":0,"92":2,"93":0,"94":2,"95":6,"96":1,"97":0},"f":{"0":21,"1":22,"2":4,"3":192,"4":48,"5":12,"6":22,"7":16,"8":5,"9":0,"10":18,"11":19,"12":76,"13":304,"14":76,"15":2,"16":6,"17":1,"18":0},"b":{"0":[21],"1":[4,18],"2":[17,2],"3":[19,19],"4":[1,1],"5":[1,0],"6":[1,1],"7":[0,0],"8":[4,0],"9":[18,4],"10":[8,8],"11":[16,8],"12":[8,0],"13":[5,3],"14":[8,8],"15":[1,2],"16":[3,3],"17":[2,8],"18":[10,4],"19":[4,0],"20":[0,8],"21":[8,0],"22":[0,0],"23":[0,8],"24":[8,0],"25":[0,0],"26":[4,4],"27":[8,4],"28":[4,0],"29":[4,0],"30":[2,2],"31":[0,2],"32":[0,0],"33":[304,304],"34":[76,0],"35":[76,0],"36":[1,1],"37":[0,2],"38":[0,2],"39":[3,3],"40":[0,6]},"meta":{"lastBranch":41,"lastFunction":19,"lastStatement":98,"seen":{"s:117:122:123:Infinity":0,"f:137:2:137:14":0,"b:137:46:137:50":0,"s:138:4:138:Infinity":1,"s:139:4:139:Infinity":2,"s:140:4:140:Infinity":3,"s:143:4:143:Infinity":4,"s:146:4:151:Infinity":5,"f:165:8:165:Infinity":1,"s:171:25:171:Infinity":6,"b:173:4:177:Infinity:undefined:undefined:undefined:undefined":1,"s:173:4:177:Infinity":7,"s:174:6:176:Infinity":8,"s:180:4:180:Infinity":9,"s:182:34:182:Infinity":10,"s:183:45:183:Infinity":11,"s:184:27:184:Infinity":12,"s:187:4:225:Infinity":13,"s:187:23:187:26":14,"s:188:6:224:Infinity":15,"s:190:23:194:Infinity":16,"s:197:32:197:Infinity":17,"s:200:31:200:Infinity":18,"b:203:8:210:Infinity:undefined:undefined:undefined:undefined":2,"s:203:8:210:Infinity":19,"b:203:12:203:45:203:45:203:106":3,"s:204:10:209:Infinity":20,"b:213:8:216:Infinity:undefined:undefined:undefined:undefined":4,"s:213:8:216:Infinity":21,"s:214:10:214:Infinity":22,"s:215:10:215:Infinity":23,"s:218:8:220:Infinity":24,"s:222:8:222:Infinity":25,"s:223:8:223:Infinity":26,"b:228:4:238:Infinity:undefined:undefined:undefined:undefined":5,"s:228:4:238:Infinity":27,"b:228:8:228:22:228:22:228:77":6,"s:229:6:231:Infinity":28,"s:232:6:237:Infinity":29,"s:241:4:243:Infinity":30,"b:242:98:242:120:242:120:242:135":7,"f:255:8:255:Infinity":2,"s:259:50:259:Infinity":31,"s:260:24:260:Infinity":32,"s:261:28:261:Infinity":33,"s:263:20:263:Infinity":34,"s:264:17:264:Infinity":35,"s:265:24:265:Infinity":36,"s:267:4:290:Infinity":37,"s:267:17:267:20":38,"s:268:6:289:Infinity":39,"s:269:23:273:Infinity":40,"s:275:8:275:Infinity":41,"s:276:8:276:Infinity":42,"s:277:8:277:Infinity":43,"s:280:8:280:Infinity":44,"f:280:29:280:30":3,"s:280:39:280:63":45,"s:281:8:281:Infinity":46,"f:281:30:281:31":4,"s:281:41:281:78":47,"s:283:8:285:Infinity":48,"s:287:8:287:Infinity":49,"s:288:8:288:Infinity":50,"s:293:6:295:Infinity":51,"b:294:10:294:Infinity:295:10:295:Infinity":8,"f:294:25:294:26":5,"s:294:37:294:59":52,"s:297:4:303:Infinity":53,"f:313:10:313:27":6,"b:314:4:316:Infinity:undefined:undefined:undefined:undefined":9,"s:314:4:316:Infinity":54,"s:315:6:315:Infinity":55,"s:318:4:381:Infinity":56,"f:318:25:318:26":7,"b:320:6:332:Infinity:undefined:undefined:undefined:undefined":10,"s:320:6:332:Infinity":57,"b:320:10:320:39:320:39:320:66":11,"s:321:21:323:Infinity":58,"b:322:12:322:Infinity:323:12:323:Infinity":12,"b:325:8:327:Infinity:undefined:undefined:undefined:undefined":13,"s:325:8:327:Infinity":59,"b:325:12:325:41:325:41:325:75":14,"s:326:10:326:Infinity":60,"b:329:8:331:Infinity:undefined:undefined:undefined:undefined":15,"s:329:8:331:Infinity":61,"b:329:12:329:41:329:41:329:75":16,"s:330:10:330:Infinity":62,"b:335:6:340:Infinity:undefined:undefined:undefined:undefined":17,"s:335:6:340:Infinity":63,"b:336:8:336:Infinity:336:26:337:Infinity":18,"b:337:9:337:29:337:29:337:34":19,"s:339:8:339:Infinity":64,"b:342:6:347:Infinity:undefined:undefined:undefined:undefined":20,"s:342:6:347:Infinity":65,"b:343:8:343:Infinity:343:26:344:Infinity":21,"b:344:9:344:29:344:29:344:34":22,"s:346:8:346:Infinity":66,"b:350:6:355:Infinity:undefined:undefined:undefined:undefined":23,"s:350:6:355:Infinity":67,"b:351:8:351:Infinity:351:26:352:Infinity":24,"b:352:9:352:29:352:29:352:34":25,"s:354:8:354:Infinity":68,"b:358:6:378:Infinity:undefined:undefined:undefined:undefined":26,"s:358:6:378:Infinity":69,"b:358:10:358:45:358:45:358:79":27,"s:359:28:359:Infinity":70,"b:359:28:359:47:359:47:359:Infinity":28,"b:361:8:368:Infinity:undefined:undefined:undefined:undefined":29,"s:361:8:368:Infinity":71,"s:362:34:364:Infinity":72,"f:362:51:362:52":8,"s:363:12:363:Infinity":73,"b:365:10:367:Infinity:undefined:undefined:undefined:undefined":30,"s:365:10:367:Infinity":74,"s:366:12:366:Infinity":75,"b:370:8:377:Infinity:undefined:undefined:undefined:undefined":31,"s:370:8:377:Infinity":76,"s:371:35:373:Infinity":77,"f:371:52:371:53":9,"s:372:12:372:Infinity":78,"b:374:10:376:Infinity:undefined:undefined:undefined:undefined":32,"s:374:10:376:Infinity":79,"s:375:12:375:Infinity":80,"s:380:6:380:Infinity":81,"f:393:10:393:37":10,"f:405:10:405:33":11,"s:408:4:424:Infinity":82,"f:408:29:408:30":12,"s:408:41:424:6":83,"f:409:29:409:30":13,"s:409:40:420:8":84,"b:413:21:413:41:413:41:413:Infinity":33,"b:422:22:422:48:422:48:422:Infinity":34,"f:434:10:434:28":14,"s:435:43:440:Infinity":85,"s:441:4:441:Infinity":86,"b:441:11:441:33:441:33:441:Infinity":35,"f:449:2:449:12":15,"s:450:4:450:Infinity":87,"b:452:4:454:Infinity:undefined:undefined:undefined:undefined":36,"s:452:4:454:Infinity":88,"s:453:6:453:Infinity":89,"b:456:4:458:Infinity:undefined:undefined:undefined:undefined":37,"s:456:4:458:Infinity":90,"s:457:6:457:Infinity":91,"b:460:4:462:Infinity:undefined:undefined:undefined:undefined":38,"s:460:4:462:Infinity":92,"s:461:6:461:Infinity":93,"s:465:4:469:Infinity":94,"f:477:2:477:37":16,"s:478:4:483:Infinity":95,"b:480:48:480:77:480:77:480:Infinity":39,"b:481:38:481:64:481:64:481:Infinity":40,"f:491:2:491:29":17,"s:492:4:492:Infinity":96,"f:500:2:500:28":18,"s:501:4:501:Infinity":97}}}
,"/Users/blumaa/code/filmections/src/lib/puzzle-engine/index.ts": {"path":"/Users/blumaa/code/filmections/src/lib/puzzle-engine/index.ts","statementMap":{},"fnMap":{},"branchMap":{},"s":{},"f":{},"b":{},"meta":{"lastBranch":0,"lastFunction":0,"lastStatement":0,"seen":{}}}
,"/Users/blumaa/code/filmections/src/lib/puzzle-engine/types.ts": {"path":"/Users/blumaa/code/filmections/src/lib/puzzle-engine/types.ts","statementMap":{},"fnMap":{},"branchMap":{},"s":{},"f":{},"b":{},"meta":{"lastBranch":0,"lastFunction":0,"lastStatement":0,"seen":{}}}
,"/Users/blumaa/code/filmections/src/lib/puzzle-engine/analyzers/ActorAnalyzer.ts": {"path":"/Users/blumaa/code/filmections/src/lib/puzzle-engine/analyzers/ActorAnalyzer.ts","statementMap":{"0":{"start":{"line":58,"column":18},"end":{"line":58,"column":null}},"1":{"start":{"line":59,"column":44},"end":{"line":59,"column":null}},"2":{"start":{"line":61,"column":45},"end":{"line":64,"column":null}},"3":{"start":{"line":71,"column":4},"end":{"line":71,"column":null}},"4":{"start":{"line":74,"column":46},"end":{"line":74,"column":null}},"5":{"start":{"line":75,"column":4},"end":{"line":81,"column":null}},"6":{"start":{"line":76,"column":6},"end":{"line":80,"column":null}},"7":{"start":{"line":92,"column":21},"end":{"line":92,"column":null}},"8":{"start":{"line":94,"column":38},"end":{"line":94,"column":null}},"9":{"start":{"line":97,"column":4},"end":{"line":121,"column":null}},"10":{"start":{"line":99,"column":6},"end":{"line":101,"column":null}},"11":{"start":{"line":100,"column":8},"end":{"line":100,"column":null}},"12":{"start":{"line":104,"column":28},"end":{"line":104,"column":null}},"13":{"start":{"line":105,"column":28},"end":{"line":105,"column":null}},"14":{"start":{"line":108,"column":30},"end":{"line":108,"column":null}},"15":{"start":{"line":110,"column":6},"end":{"line":120,"column":null}},"16":{"start":{"line":123,"column":4},"end":{"line":123,"column":null}},"17":{"start":{"line":137,"column":21},"end":{"line":137,"column":null}},"18":{"start":{"line":139,"column":4},"end":{"line":156,"column":null}},"19":{"start":{"line":141,"column":24},"end":{"line":143,"column":null}},"20":{"start":{"line":142,"column":27},"end":{"line":142,"column":67}},"21":{"start":{"line":143,"column":24},"end":{"line":143,"column":41}},"22":{"start":{"line":146,"column":6},"end":{"line":155,"column":null}},"23":{"start":{"line":147,"column":8},"end":{"line":152,"column":null}},"24":{"start":{"line":148,"column":10},"end":{"line":151,"column":null}},"25":{"start":{"line":154,"column":8},"end":{"line":154,"column":null}},"26":{"start":{"line":158,"column":4},"end":{"line":158,"column":null}},"27":{"start":{"line":168,"column":21},"end":{"line":168,"column":null}},"28":{"start":{"line":169,"column":4},"end":{"line":172,"column":null}},"29":{"start":{"line":169,"column":17},"end":{"line":169,"column":38}},"30":{"start":{"line":170,"column":16},"end":{"line":170,"column":null}},"31":{"start":{"line":171,"column":6},"end":{"line":171,"column":null}},"32":{"start":{"line":173,"column":4},"end":{"line":173,"column":null}}},"fnMap":{"0":{"name":"(anonymous_0)","decl":{"start":{"line":69,"column":2},"end":{"line":69,"column":12}},"loc":{"start":{"line":69,"column":51},"end":{"line":82,"column":null}},"line":69},"1":{"name":"(anonymous_1)","decl":{"start":{"line":90,"column":18},"end":{"line":90,"column":34}},"loc":{"start":{"line":90,"column":89},"end":{"line":124,"column":null}},"line":90},"2":{"name":"(anonymous_2)","decl":{"start":{"line":134,"column":10},"end":{"line":134,"column":null}},"loc":{"start":{"line":136,"column":63},"end":{"line":159,"column":null}},"line":136},"3":{"name":"(anonymous_3)","decl":{"start":{"line":142,"column":16},"end":{"line":142,"column":17}},"loc":{"start":{"line":142,"column":27},"end":{"line":142,"column":67}},"line":142},"4":{"name":"(anonymous_4)","decl":{"start":{"line":143,"column":14},"end":{"line":143,"column":15}},"loc":{"start":{"line":143,"column":24},"end":{"line":143,"column":41}},"line":143},"5":{"name":"(anonymous_5)","decl":{"start":{"line":167,"column":10},"end":{"line":167,"column":23}},"loc":{"start":{"line":167,"column":70},"end":{"line":174,"column":null}},"line":167}},"branchMap":{"0":{"loc":{"start":{"line":75,"column":4},"end":{"line":81,"column":null}},"type":"if","locations":[{"start":{"line":75,"column":4},"end":{"line":81,"column":null}},{"start":{},"end":{}}],"line":75},"1":{"loc":{"start":{"line":75,"column":8},"end":{"line":75,"column":69}},"type":"binary-expr","locations":[{"start":{"line":75,"column":8},"end":{"line":75,"column":35}},{"start":{"line":75,"column":35},"end":{"line":75,"column":69}}],"line":75},"2":{"loc":{"start":{"line":78,"column":12},"end":{"line":78,"column":null}},"type":"binary-expr","locations":[{"start":{"line":78,"column":12},"end":{"line":78,"column":39}},{"start":{"line":78,"column":39},"end":{"line":78,"column":null}}],"line":78},"3":{"loc":{"start":{"line":79,"column":12},"end":{"line":79,"column":null}},"type":"binary-expr","locations":[{"start":{"line":79,"column":12},"end":{"line":79,"column":48}},{"start":{"line":79,"column":48},"end":{"line":79,"column":null}}],"line":79},"4":{"loc":{"start":{"line":99,"column":6},"end":{"line":101,"column":null}},"type":"if","locations":[{"start":{"line":99,"column":6},"end":{"line":101,"column":null}},{"start":{},"end":{}}],"line":99},"5":{"loc":{"start":{"line":147,"column":8},"end":{"line":152,"column":null}},"type":"if","locations":[{"start":{"line":147,"column":8},"end":{"line":152,"column":null}},{"start":{},"end":{}}],"line":147}},"s":{"0":39,"1":39,"2":39,"3":4,"4":4,"5":4,"6":3,"7":27,"8":27,"9":27,"10":263,"11":1,"12":262,"13":262,"14":262,"15":262,"16":27,"17":27,"18":27,"19":4444,"20":4451,"21":4,"22":4444,"23":4447,"24":263,"25":4447,"26":27,"27":262,"28":262,"29":262,"30":4182,"31":4182,"32":262},"f":{"0":4,"1":27,"2":27,"3":4451,"4":4,"5":262},"b":{"0":[3,1],"1":[4,2],"2":[3,2],"3":[3,1],"4":[1,262],"5":[263,4184]},"meta":{"lastBranch":6,"lastFunction":6,"lastStatement":33,"seen":{"s:58:18:58:Infinity":0,"s:59:44:59:Infinity":1,"s:61:45:64:Infinity":2,"f:69:2:69:12":0,"s:71:4:71:Infinity":3,"s:74:46:74:Infinity":4,"b:75:4:81:Infinity:undefined:undefined:undefined:undefined":0,"s:75:4:81:Infinity":5,"b:75:8:75:35:75:35:75:69":1,"s:76:6:80:Infinity":6,"b:78:12:78:39:78:39:78:Infinity":2,"b:79:12:79:48:79:48:79:Infinity":3,"f:90:18:90:34":1,"s:92:21:92:Infinity":7,"s:94:38:94:Infinity":8,"s:97:4:121:Infinity":9,"b:99:6:101:Infinity:undefined:undefined:undefined:undefined":4,"s:99:6:101:Infinity":10,"s:100:8:100:Infinity":11,"s:104:28:104:Infinity":12,"s:105:28:105:Infinity":13,"s:108:30:108:Infinity":14,"s:110:6:120:Infinity":15,"s:123:4:123:Infinity":16,"f:134:10:134:Infinity":2,"s:137:21:137:Infinity":17,"s:139:4:156:Infinity":18,"s:141:24:143:Infinity":19,"f:142:16:142:17":3,"s:142:27:142:67":20,"f:143:14:143:15":4,"s:143:24:143:41":21,"s:146:6:155:Infinity":22,"b:147:8:152:Infinity:undefined:undefined:undefined:undefined":5,"s:147:8:152:Infinity":23,"s:148:10:151:Infinity":24,"s:154:8:154:Infinity":25,"s:158:4:158:Infinity":26,"f:167:10:167:23":5,"s:168:21:168:Infinity":27,"s:169:4:172:Infinity":28,"s:169:17:169:38":29,"s:170:16:170:Infinity":30,"s:171:6:171:Infinity":31,"s:173:4:173:Infinity":32}}}
,"/Users/blumaa/code/filmections/src/lib/puzzle-engine/analyzers/DecadeAnalyzer.ts": {"path":"/Users/blumaa/code/filmections/src/lib/puzzle-engine/analyzers/DecadeAnalyzer.ts","statementMap":{"0":{"start":{"line":40,"column":24},"end":{"line":40,"column":null}},"1":{"start":{"line":68,"column":18},"end":{"line":68,"column":null}},"2":{"start":{"line":69,"column":44},"end":{"line":69,"column":null}},"3":{"start":{"line":71,"column":47},"end":{"line":73,"column":null}},"4":{"start":{"line":80,"column":4},"end":{"line":80,"column":null}},"5":{"start":{"line":83,"column":31},"end":{"line":83,"column":null}},"6":{"start":{"line":84,"column":4},"end":{"line":89,"column":null}},"7":{"start":{"line":85,"column":6},"end":{"line":88,"column":null}},"8":{"start":{"line":100,"column":22},"end":{"line":100,"column":null}},"9":{"start":{"line":102,"column":38},"end":{"line":102,"column":null}},"10":{"start":{"line":105,"column":4},"end":{"line":139,"column":null}},"11":{"start":{"line":107,"column":6},"end":{"line":109,"column":null}},"12":{"start":{"line":108,"column":8},"end":{"line":108,"column":null}},"13":{"start":{"line":112,"column":6},"end":{"line":114,"column":null}},"14":{"start":{"line":113,"column":8},"end":{"line":113,"column":null}},"15":{"start":{"line":117,"column":28},"end":{"line":117,"column":null}},"16":{"start":{"line":118,"column":28},"end":{"line":118,"column":null}},"17":{"start":{"line":123,"column":29},"end":{"line":123,"column":null}},"18":{"start":{"line":124,"column":12},"end":{"line":124,"column":null}},"19":{"start":{"line":125,"column":23},"end":{"line":125,"column":null}},"20":{"start":{"line":126,"column":30},"end":{"line":126,"column":null}},"21":{"start":{"line":128,"column":6},"end":{"line":138,"column":null}},"22":{"start":{"line":141,"column":4},"end":{"line":141,"column":null}},"23":{"start":{"line":151,"column":22},"end":{"line":151,"column":null}},"24":{"start":{"line":153,"column":4},"end":{"line":161,"column":null}},"25":{"start":{"line":154,"column":21},"end":{"line":154,"column":null}},"26":{"start":{"line":155,"column":6},"end":{"line":155,"column":null}},"27":{"start":{"line":155,"column":27},"end":{"line":155,"column":null}},"28":{"start":{"line":157,"column":6},"end":{"line":159,"column":null}},"29":{"start":{"line":158,"column":8},"end":{"line":158,"column":null}},"30":{"start":{"line":160,"column":6},"end":{"line":160,"column":null}},"31":{"start":{"line":163,"column":4},"end":{"line":163,"column":null}},"32":{"start":{"line":173,"column":4},"end":{"line":173,"column":null}},"33":{"start":{"line":173,"column":29},"end":{"line":173,"column":null}},"34":{"start":{"line":175,"column":17},"end":{"line":175,"column":null}},"35":{"start":{"line":176,"column":4},"end":{"line":176,"column":null}},"36":{"start":{"line":176,"column":21},"end":{"line":176,"column":null}},"37":{"start":{"line":179,"column":4},"end":{"line":179,"column":null}},"38":{"start":{"line":189,"column":18},"end":{"line":189,"column":null}},"39":{"start":{"line":190,"column":4},"end":{"line":190,"column":null}},"40":{"start":{"line":200,"column":4},"end":{"line":200,"column":null}},"41":{"start":{"line":210,"column":21},"end":{"line":210,"column":null}},"42":{"start":{"line":211,"column":4},"end":{"line":214,"column":null}},"43":{"start":{"line":211,"column":17},"end":{"line":211,"column":38}},"44":{"start":{"line":212,"column":16},"end":{"line":212,"column":null}},"45":{"start":{"line":213,"column":6},"end":{"line":213,"column":null}},"46":{"start":{"line":215,"column":4},"end":{"line":215,"column":null}}},"fnMap":{"0":{"name":"(anonymous_0)","decl":{"start":{"line":78,"column":2},"end":{"line":78,"column":12}},"loc":{"start":{"line":78,"column":52},"end":{"line":90,"column":null}},"line":78},"1":{"name":"(anonymous_1)","decl":{"start":{"line":98,"column":18},"end":{"line":98,"column":34}},"loc":{"start":{"line":98,"column":89},"end":{"line":142,"column":null}},"line":98},"2":{"name":"(anonymous_2)","decl":{"start":{"line":150,"column":10},"end":{"line":150,"column":25}},"loc":{"start":{"line":150,"column":86},"end":{"line":164,"column":null}},"line":150},"3":{"name":"(anonymous_3)","decl":{"start":{"line":172,"column":10},"end":{"line":172,"column":20}},"loc":{"start":{"line":172,"column":60},"end":{"line":180,"column":null}},"line":172},"4":{"name":"(anonymous_4)","decl":{"start":{"line":188,"column":10},"end":{"line":188,"column":33}},"loc":{"start":{"line":188,"column":57},"end":{"line":191,"column":null}},"line":188},"5":{"name":"(anonymous_5)","decl":{"start":{"line":199,"column":10},"end":{"line":199,"column":25}},"loc":{"start":{"line":199,"column":49},"end":{"line":201,"column":null}},"line":199},"6":{"name":"(anonymous_6)","decl":{"start":{"line":209,"column":10},"end":{"line":209,"column":23}},"loc":{"start":{"line":209,"column":70},"end":{"line":216,"column":null}},"line":209}},"branchMap":{"0":{"loc":{"start":{"line":84,"column":4},"end":{"line":89,"column":null}},"type":"if","locations":[{"start":{"line":84,"column":4},"end":{"line":89,"column":null}},{"start":{},"end":{}}],"line":84},"1":{"loc":{"start":{"line":107,"column":6},"end":{"line":109,"column":null}},"type":"if","locations":[{"start":{"line":107,"column":6},"end":{"line":109,"column":null}},{"start":{},"end":{}}],"line":107},"2":{"loc":{"start":{"line":112,"column":6},"end":{"line":114,"column":null}},"type":"if","locations":[{"start":{"line":112,"column":6},"end":{"line":114,"column":null}},{"start":{},"end":{}}],"line":112},"3":{"loc":{"start":{"line":155,"column":6},"end":{"line":155,"column":null}},"type":"if","locations":[{"start":{"line":155,"column":6},"end":{"line":155,"column":null}},{"start":{},"end":{}}],"line":155},"4":{"loc":{"start":{"line":157,"column":6},"end":{"line":159,"column":null}},"type":"if","locations":[{"start":{"line":157,"column":6},"end":{"line":159,"column":null}},{"start":{},"end":{}}],"line":157},"5":{"loc":{"start":{"line":173,"column":4},"end":{"line":173,"column":null}},"type":"if","locations":[{"start":{"line":173,"column":4},"end":{"line":173,"column":null}},{"start":{},"end":{}}],"line":173},"6":{"loc":{"start":{"line":176,"column":4},"end":{"line":176,"column":null}},"type":"if","locations":[{"start":{"line":176,"column":4},"end":{"line":176,"column":null}},{"start":{},"end":{}}],"line":176}},"s":{"0":2,"1":43,"2":43,"3":43,"4":4,"5":4,"6":4,"7":3,"8":30,"9":30,"10":30,"11":112,"12":0,"13":112,"14":7,"15":105,"16":105,"17":105,"18":105,"19":105,"20":105,"21":105,"22":30,"23":30,"24":30,"25":4458,"26":4458,"27":2,"28":4456,"29":112,"30":4456,"31":30,"32":4458,"33":1,"34":4457,"35":4457,"36":1,"37":4456,"38":105,"39":105,"40":210,"41":105,"42":105,"43":105,"44":4287,"45":4287,"46":105},"f":{"0":4,"1":30,"2":30,"3":4458,"4":105,"5":210,"6":105},"b":{"0":[3,1],"1":[0,112],"2":[7,105],"3":[2,4456],"4":[112,4344],"5":[1,4457],"6":[1,4456]},"meta":{"lastBranch":7,"lastFunction":7,"lastStatement":47,"seen":{"s:40:24:40:Infinity":0,"s:68:18:68:Infinity":1,"s:69:44:69:Infinity":2,"s:71:47:73:Infinity":3,"f:78:2:78:12":0,"s:80:4:80:Infinity":4,"s:83:31:83:Infinity":5,"b:84:4:89:Infinity:undefined:undefined:undefined:undefined":0,"s:84:4:89:Infinity":6,"s:85:6:88:Infinity":7,"f:98:18:98:34":1,"s:100:22:100:Infinity":8,"s:102:38:102:Infinity":9,"s:105:4:139:Infinity":10,"b:107:6:109:Infinity:undefined:undefined:undefined:undefined":1,"s:107:6:109:Infinity":11,"s:108:8:108:Infinity":12,"b:112:6:114:Infinity:undefined:undefined:undefined:undefined":2,"s:112:6:114:Infinity":13,"s:113:8:113:Infinity":14,"s:117:28:117:Infinity":15,"s:118:28:118:Infinity":16,"s:123:29:123:Infinity":17,"s:124:12:124:Infinity":18,"s:125:23:125:Infinity":19,"s:126:30:126:Infinity":20,"s:128:6:138:Infinity":21,"s:141:4:141:Infinity":22,"f:150:10:150:25":2,"s:151:22:151:Infinity":23,"s:153:4:161:Infinity":24,"s:154:21:154:Infinity":25,"b:155:6:155:Infinity:undefined:undefined:undefined:undefined":3,"s:155:6:155:Infinity":26,"s:155:27:155:Infinity":27,"b:157:6:159:Infinity:undefined:undefined:undefined:undefined":4,"s:157:6:159:Infinity":28,"s:158:8:158:Infinity":29,"s:160:6:160:Infinity":30,"s:163:4:163:Infinity":31,"f:172:10:172:20":3,"b:173:4:173:Infinity:undefined:undefined:undefined:undefined":5,"s:173:4:173:Infinity":32,"s:173:29:173:Infinity":33,"s:175:17:175:Infinity":34,"b:176:4:176:Infinity:undefined:undefined:undefined:undefined":6,"s:176:4:176:Infinity":35,"s:176:21:176:Infinity":36,"s:179:4:179:Infinity":37,"f:188:10:188:33":4,"s:189:18:189:Infinity":38,"s:190:4:190:Infinity":39,"f:199:10:199:25":5,"s:200:4:200:Infinity":40,"f:209:10:209:23":6,"s:210:21:210:Infinity":41,"s:211:4:214:Infinity":42,"s:211:17:211:38":43,"s:212:16:212:Infinity":44,"s:213:6:213:Infinity":45,"s:215:4:215:Infinity":46}}}
,"/Users/blumaa/code/filmections/src/lib/puzzle-engine/analyzers/DirectorAnalyzer.ts": {"path":"/Users/blumaa/code/filmections/src/lib/puzzle-engine/analyzers/DirectorAnalyzer.ts","statementMap":{"0":{"start":{"line":32,"column":18},"end":{"line":32,"column":null}},"1":{"start":{"line":37,"column":44},"end":{"line":37,"column":null}},"2":{"start":{"line":56,"column":24},"end":{"line":56,"column":null}},"3":{"start":{"line":59,"column":38},"end":{"line":59,"column":null}},"4":{"start":{"line":61,"column":4},"end":{"line":87,"column":null}},"5":{"start":{"line":63,"column":6},"end":{"line":65,"column":null}},"6":{"start":{"line":64,"column":8},"end":{"line":64,"column":null}},"7":{"start":{"line":68,"column":28},"end":{"line":68,"column":null}},"8":{"start":{"line":71,"column":28},"end":{"line":71,"column":null}},"9":{"start":{"line":74,"column":30},"end":{"line":74,"column":null}},"10":{"start":{"line":76,"column":6},"end":{"line":86,"column":null}},"11":{"start":{"line":89,"column":4},"end":{"line":89,"column":null}},"12":{"start":{"line":105,"column":24},"end":{"line":105,"column":null}},"13":{"start":{"line":107,"column":4},"end":{"line":125,"column":null}},"14":{"start":{"line":110,"column":8},"end":{"line":110,"column":null}},"15":{"start":{"line":110,"column":46},"end":{"line":110,"column":69}},"16":{"start":{"line":112,"column":6},"end":{"line":124,"column":null}},"17":{"start":{"line":114,"column":8},"end":{"line":120,"column":null}},"18":{"start":{"line":115,"column":10},"end":{"line":119,"column":null}},"19":{"start":{"line":123,"column":8},"end":{"line":123,"column":null}},"20":{"start":{"line":127,"column":4},"end":{"line":127,"column":null}}},"fnMap":{"0":{"name":"(anonymous_0)","decl":{"start":{"line":52,"column":18},"end":{"line":52,"column":null}},"loc":{"start":{"line":54,"column":31},"end":{"line":90,"column":null}},"line":54},"1":{"name":"(anonymous_1)","decl":{"start":{"line":102,"column":10},"end":{"line":102,"column":null}},"loc":{"start":{"line":104,"column":31},"end":{"line":128,"column":null}},"line":104},"2":{"name":"(anonymous_2)","decl":{"start":{"line":110,"column":36},"end":{"line":110,"column":37}},"loc":{"start":{"line":110,"column":46},"end":{"line":110,"column":69}},"line":110}},"branchMap":{"0":{"loc":{"start":{"line":63,"column":6},"end":{"line":65,"column":null}},"type":"if","locations":[{"start":{"line":63,"column":6},"end":{"line":65,"column":null}},{"start":{},"end":{}}],"line":63},"1":{"loc":{"start":{"line":110,"column":8},"end":{"line":110,"column":null}},"type":"binary-expr","locations":[{"start":{"line":110,"column":8},"end":{"line":110,"column":74}},{"start":{"line":110,"column":74},"end":{"line":110,"column":null}}],"line":110},"2":{"loc":{"start":{"line":114,"column":8},"end":{"line":120,"column":null}},"type":"if","locations":[{"start":{"line":114,"column":8},"end":{"line":120,"column":null}},{"start":{},"end":{}}],"line":114}},"s":{"0":35,"1":35,"2":25,"3":25,"4":25,"5":200,"6":1,"7":199,"8":199,"9":199,"10":199,"11":25,"12":25,"13":25,"14":4436,"15":4435,"16":4436,"17":4435,"18":200,"19":4435,"20":25},"f":{"0":25,"1":25,"2":4435},"b":{"0":[1,199],"1":[4436,0],"2":[200,4235]},"meta":{"lastBranch":3,"lastFunction":3,"lastStatement":21,"seen":{"s:32:18:32:Infinity":0,"s:37:44:37:Infinity":1,"f:52:18:52:Infinity":0,"s:56:24:56:Infinity":2,"s:59:38:59:Infinity":3,"s:61:4:87:Infinity":4,"b:63:6:65:Infinity:undefined:undefined:undefined:undefined":0,"s:63:6:65:Infinity":5,"s:64:8:64:Infinity":6,"s:68:28:68:Infinity":7,"s:71:28:71:Infinity":8,"s:74:30:74:Infinity":9,"s:76:6:86:Infinity":10,"s:89:4:89:Infinity":11,"f:102:10:102:Infinity":1,"s:105:24:105:Infinity":12,"s:107:4:125:Infinity":13,"s:110:8:110:Infinity":14,"b:110:8:110:74:110:74:110:Infinity":1,"f:110:36:110:37":2,"s:110:46:110:69":15,"s:112:6:124:Infinity":16,"b:114:8:120:Infinity:undefined:undefined:undefined:undefined":2,"s:114:8:120:Infinity":17,"s:115:10:119:Infinity":18,"s:123:8:123:Infinity":19,"s:127:4:127:Infinity":20}}}
,"/Users/blumaa/code/filmections/src/lib/puzzle-engine/analyzers/ThemeAnalyzer.ts": {"path":"/Users/blumaa/code/filmections/src/lib/puzzle-engine/analyzers/ThemeAnalyzer.ts","statementMap":{"0":{"start":{"line":68,"column":18},"end":{"line":68,"column":null}},"1":{"start":{"line":69,"column":44},"end":{"line":69,"column":null}},"2":{"start":{"line":71,"column":45},"end":{"line":75,"column":null}},"3":{"start":{"line":82,"column":4},"end":{"line":82,"column":null}},"4":{"start":{"line":85,"column":63},"end":{"line":85,"column":null}},"5":{"start":{"line":86,"column":4},"end":{"line":97,"column":null}},"6":{"start":{"line":91,"column":6},"end":{"line":96,"column":null}},"7":{"start":{"line":107,"column":26},"end":{"line":107,"column":null}},"8":{"start":{"line":108,"column":38},"end":{"line":108,"column":null}},"9":{"start":{"line":111,"column":4},"end":{"line":140,"column":null}},"10":{"start":{"line":112,"column":29},"end":{"line":112,"column":null}},"11":{"start":{"line":115,"column":6},"end":{"line":117,"column":null}},"12":{"start":{"line":116,"column":8},"end":{"line":116,"column":null}},"13":{"start":{"line":120,"column":28},"end":{"line":120,"column":null}},"14":{"start":{"line":121,"column":28},"end":{"line":121,"column":null}},"15":{"start":{"line":124,"column":29},"end":{"line":124,"column":null}},"16":{"start":{"line":125,"column":35},"end":{"line":125,"column":null}},"17":{"start":{"line":126,"column":30},"end":{"line":126,"column":null}},"18":{"start":{"line":128,"column":6},"end":{"line":139,"column":null}},"19":{"start":{"line":142,"column":4},"end":{"line":142,"column":null}},"20":{"start":{"line":154,"column":4},"end":{"line":156,"column":null}},"21":{"start":{"line":155,"column":6},"end":{"line":155,"column":null}},"22":{"start":{"line":159,"column":4},"end":{"line":162,"column":null}},"23":{"start":{"line":160,"column":25},"end":{"line":160,"column":null}},"24":{"start":{"line":161,"column":6},"end":{"line":161,"column":null}},"25":{"start":{"line":173,"column":21},"end":{"line":173,"column":null}},"26":{"start":{"line":174,"column":23},"end":{"line":174,"column":null}},"27":{"start":{"line":176,"column":4},"end":{"line":181,"column":null}},"28":{"start":{"line":177,"column":27},"end":{"line":177,"column":null}},"29":{"start":{"line":178,"column":6},"end":{"line":180,"column":null}},"30":{"start":{"line":179,"column":8},"end":{"line":179,"column":null}},"31":{"start":{"line":183,"column":4},"end":{"line":183,"column":null}},"32":{"start":{"line":193,"column":28},"end":{"line":193,"column":null}},"33":{"start":{"line":195,"column":4},"end":{"line":197,"column":null}},"34":{"start":{"line":196,"column":6},"end":{"line":196,"column":null}},"35":{"start":{"line":199,"column":4},"end":{"line":201,"column":null}},"36":{"start":{"line":200,"column":6},"end":{"line":200,"column":null}},"37":{"start":{"line":203,"column":4},"end":{"line":203,"column":null}},"38":{"start":{"line":217,"column":4},"end":{"line":234,"column":null}},"39":{"start":{"line":219,"column":8},"end":{"line":219,"column":null}},"40":{"start":{"line":219,"column":40},"end":{"line":219,"column":67}},"41":{"start":{"line":222,"column":8},"end":{"line":222,"column":null}},"42":{"start":{"line":222,"column":40},"end":{"line":222,"column":68}},"43":{"start":{"line":226,"column":8},"end":{"line":226,"column":null}},"44":{"start":{"line":230,"column":8},"end":{"line":230,"column":null}},"45":{"start":{"line":233,"column":8},"end":{"line":233,"column":null}},"46":{"start":{"line":242,"column":18},"end":{"line":245,"column":null}},"47":{"start":{"line":247,"column":4},"end":{"line":247,"column":null}},"48":{"start":{"line":254,"column":4},"end":{"line":254,"column":null}},"49":{"start":{"line":264,"column":21},"end":{"line":264,"column":null}},"50":{"start":{"line":265,"column":4},"end":{"line":268,"column":null}},"51":{"start":{"line":265,"column":17},"end":{"line":265,"column":38}},"52":{"start":{"line":266,"column":16},"end":{"line":266,"column":null}},"53":{"start":{"line":267,"column":6},"end":{"line":267,"column":null}},"54":{"start":{"line":269,"column":4},"end":{"line":269,"column":null}}},"fnMap":{"0":{"name":"(anonymous_0)","decl":{"start":{"line":80,"column":2},"end":{"line":80,"column":12}},"loc":{"start":{"line":80,"column":51},"end":{"line":98,"column":null}},"line":80},"1":{"name":"(anonymous_1)","decl":{"start":{"line":106,"column":18},"end":{"line":106,"column":34}},"loc":{"start":{"line":106,"column":89},"end":{"line":143,"column":null}},"line":106},"2":{"name":"(anonymous_2)","decl":{"start":{"line":152,"column":10},"end":{"line":152,"column":34}},"loc":{"start":{"line":152,"column":96},"end":{"line":163,"column":null}},"line":152},"3":{"name":"(anonymous_3)","decl":{"start":{"line":159,"column":25},"end":{"line":159,"column":26}},"loc":{"start":{"line":159,"column":36},"end":{"line":162,"column":5}},"line":159},"4":{"name":"(anonymous_4)","decl":{"start":{"line":172,"column":10},"end":{"line":172,"column":28}},"loc":{"start":{"line":172,"column":75},"end":{"line":184,"column":null}},"line":172},"5":{"name":"(anonymous_5)","decl":{"start":{"line":192,"column":10},"end":{"line":192,"column":24}},"loc":{"start":{"line":192,"column":57},"end":{"line":204,"column":null}},"line":192},"6":{"name":"(anonymous_6)","decl":{"start":{"line":213,"column":10},"end":{"line":213,"column":null}},"loc":{"start":{"line":216,"column":24},"end":{"line":235,"column":null}},"line":216},"7":{"name":"(anonymous_7)","decl":{"start":{"line":219,"column":29},"end":{"line":219,"column":30}},"loc":{"start":{"line":219,"column":40},"end":{"line":219,"column":67}},"line":219},"8":{"name":"(anonymous_8)","decl":{"start":{"line":222,"column":29},"end":{"line":222,"column":30}},"loc":{"start":{"line":222,"column":40},"end":{"line":222,"column":68}},"line":222},"9":{"name":"(anonymous_9)","decl":{"start":{"line":240,"column":10},"end":{"line":240,"column":26}},"loc":{"start":{"line":240,"column":60},"end":{"line":248,"column":null}},"line":240},"10":{"name":"(anonymous_10)","decl":{"start":{"line":253,"column":10},"end":{"line":253,"column":27}},"loc":{"start":{"line":253,"column":61},"end":{"line":255,"column":null}},"line":253},"11":{"name":"(anonymous_11)","decl":{"start":{"line":263,"column":10},"end":{"line":263,"column":23}},"loc":{"start":{"line":263,"column":70},"end":{"line":270,"column":null}},"line":263}},"branchMap":{"0":{"loc":{"start":{"line":86,"column":4},"end":{"line":97,"column":null}},"type":"if","locations":[{"start":{"line":86,"column":4},"end":{"line":97,"column":null}},{"start":{},"end":{}}],"line":86},"1":{"loc":{"start":{"line":87,"column":6},"end":{"line":89,"column":null}},"type":"binary-expr","locations":[{"start":{"line":87,"column":6},"end":{"line":87,"column":null}},{"start":{"line":88,"column":6},"end":{"line":88,"column":null}},{"start":{"line":89,"column":6},"end":{"line":89,"column":null}}],"line":87},"2":{"loc":{"start":{"line":93,"column":12},"end":{"line":93,"column":null}},"type":"binary-expr","locations":[{"start":{"line":93,"column":12},"end":{"line":93,"column":47}},{"start":{"line":93,"column":47},"end":{"line":93,"column":null}}],"line":93},"3":{"loc":{"start":{"line":94,"column":12},"end":{"line":94,"column":null}},"type":"binary-expr","locations":[{"start":{"line":94,"column":12},"end":{"line":94,"column":44}},{"start":{"line":94,"column":44},"end":{"line":94,"column":null}}],"line":94},"4":{"loc":{"start":{"line":95,"column":12},"end":{"line":95,"column":null}},"type":"binary-expr","locations":[{"start":{"line":95,"column":12},"end":{"line":95,"column":41}},{"start":{"line":95,"column":41},"end":{"line":95,"column":null}}],"line":95},"5":{"loc":{"start":{"line":115,"column":6},"end":{"line":117,"column":null}},"type":"if","locations":[{"start":{"line":115,"column":6},"end":{"line":117,"column":null}},{"start":{},"end":{}}],"line":115},"6":{"loc":{"start":{"line":154,"column":4},"end":{"line":156,"column":null}},"type":"if","locations":[{"start":{"line":154,"column":4},"end":{"line":156,"column":null}},{"start":{},"end":{}}],"line":154},"7":{"loc":{"start":{"line":178,"column":6},"end":{"line":180,"column":null}},"type":"if","locations":[{"start":{"line":178,"column":6},"end":{"line":180,"column":null}},{"start":{},"end":{}}],"line":178},"8":{"loc":{"start":{"line":195,"column":4},"end":{"line":197,"column":null}},"type":"if","locations":[{"start":{"line":195,"column":4},"end":{"line":197,"column":null}},{"start":{},"end":{}}],"line":195},"9":{"loc":{"start":{"line":199,"column":4},"end":{"line":201,"column":null}},"type":"if","locations":[{"start":{"line":199,"column":4},"end":{"line":201,"column":null}},{"start":{},"end":{}}],"line":199},"10":{"loc":{"start":{"line":217,"column":4},"end":{"line":234,"column":null}},"type":"switch","locations":[{"start":{"line":218,"column":6},"end":{"line":219,"column":null}},{"start":{"line":221,"column":6},"end":{"line":222,"column":null}},{"start":{"line":224,"column":6},"end":{"line":226,"column":null}},{"start":{"line":228,"column":6},"end":{"line":230,"column":null}},{"start":{"line":232,"column":6},"end":{"line":233,"column":null}}],"line":217}},"s":{"0":42,"1":42,"2":42,"3":4,"4":4,"5":4,"6":3,"7":29,"8":29,"9":29,"10":1450,"11":1450,"12":1397,"13":53,"14":53,"15":53,"16":53,"17":53,"18":53,"19":29,"20":1450,"21":116,"22":1334,"23":204608,"24":204608,"25":204608,"26":204608,"27":204608,"28":956320,"29":956320,"30":4484,"31":204608,"32":204608,"33":204608,"34":204424,"35":204608,"36":204608,"37":204608,"38":116,"39":29,"40":4448,"41":29,"42":4448,"43":29,"44":29,"45":0,"46":4448,"47":4448,"48":4448,"49":53,"50":53,"51":53,"52":8823,"53":8823,"54":53},"f":{"0":4,"1":29,"2":1450,"3":204608,"4":204608,"5":204608,"6":116,"7":4448,"8":4448,"9":4448,"10":4448,"11":53},"b":{"0":[3,1],"1":[4,3,1],"2":[3,1],"3":[3,2],"4":[3,2],"5":[1397,53],"6":[116,1334],"7":[4484,951836],"8":[204424,184],"9":[204608,0],"10":[29,29,29,29,0]},"meta":{"lastBranch":11,"lastFunction":12,"lastStatement":55,"seen":{"s:68:18:68:Infinity":0,"s:69:44:69:Infinity":1,"s:71:45:75:Infinity":2,"f:80:2:80:12":0,"s:82:4:82:Infinity":3,"s:85:63:85:Infinity":4,"b:86:4:97:Infinity:undefined:undefined:undefined:undefined":0,"s:86:4:97:Infinity":5,"b:87:6:87:Infinity:88:6:88:Infinity:89:6:89:Infinity":1,"s:91:6:96:Infinity":6,"b:93:12:93:47:93:47:93:Infinity":2,"b:94:12:94:44:94:44:94:Infinity":3,"b:95:12:95:41:95:41:95:Infinity":4,"f:106:18:106:34":1,"s:107:26:107:Infinity":7,"s:108:38:108:Infinity":8,"s:111:4:140:Infinity":9,"s:112:29:112:Infinity":10,"b:115:6:117:Infinity:undefined:undefined:undefined:undefined":5,"s:115:6:117:Infinity":11,"s:116:8:116:Infinity":12,"s:120:28:120:Infinity":13,"s:121:28:121:Infinity":14,"s:124:29:124:Infinity":15,"s:125:35:125:Infinity":16,"s:126:30:126:Infinity":17,"s:128:6:139:Infinity":18,"s:142:4:142:Infinity":19,"f:152:10:152:34":2,"b:154:4:156:Infinity:undefined:undefined:undefined:undefined":6,"s:154:4:156:Infinity":20,"s:155:6:155:Infinity":21,"s:159:4:162:Infinity":22,"f:159:25:159:26":3,"s:160:25:160:Infinity":23,"s:161:6:161:Infinity":24,"f:172:10:172:28":4,"s:173:21:173:Infinity":25,"s:174:23:174:Infinity":26,"s:176:4:181:Infinity":27,"s:177:27:177:Infinity":28,"b:178:6:180:Infinity:undefined:undefined:undefined:undefined":7,"s:178:6:180:Infinity":29,"s:179:8:179:Infinity":30,"s:183:4:183:Infinity":31,"f:192:10:192:24":5,"s:193:28:193:Infinity":32,"b:195:4:197:Infinity:undefined:undefined:undefined:undefined":8,"s:195:4:197:Infinity":33,"s:196:6:196:Infinity":34,"b:199:4:201:Infinity:undefined:undefined:undefined:undefined":9,"s:199:4:201:Infinity":35,"s:200:6:200:Infinity":36,"s:203:4:203:Infinity":37,"f:213:10:213:Infinity":6,"b:218:6:219:Infinity:221:6:222:Infinity:224:6:226:Infinity:228:6:230:Infinity:232:6:233:Infinity":10,"s:217:4:234:Infinity":38,"s:219:8:219:Infinity":39,"f:219:29:219:30":7,"s:219:40:219:67":40,"s:222:8:222:Infinity":41,"f:222:29:222:30":8,"s:222:40:222:68":42,"s:226:8:226:Infinity":43,"s:230:8:230:Infinity":44,"s:233:8:233:Infinity":45,"f:240:10:240:26":9,"s:242:18:245:Infinity":46,"s:247:4:247:Infinity":47,"f:253:10:253:27":10,"s:254:4:254:Infinity":48,"f:263:10:263:23":11,"s:264:21:264:Infinity":49,"s:265:4:268:Infinity":50,"s:265:17:265:38":51,"s:266:16:266:Infinity":52,"s:267:6:267:Infinity":53,"s:269:4:269:Infinity":54}}}
,"/Users/blumaa/code/filmections/src/lib/puzzle-engine/analyzers/WordplayAnalyzer.ts": {"path":"/Users/blumaa/code/filmections/src/lib/puzzle-engine/analyzers/WordplayAnalyzer.ts","statementMap":{"0":{"start":{"line":42,"column":27},"end":{"line":72,"column":null}},"1":{"start":{"line":101,"column":18},"end":{"line":101,"column":null}},"2":{"start":{"line":102,"column":44},"end":{"line":102,"column":null}},"3":{"start":{"line":104,"column":51},"end":{"line":107,"column":null}},"4":{"start":{"line":114,"column":4},"end":{"line":114,"column":null}},"5":{"start":{"line":117,"column":41},"end":{"line":117,"column":null}},"6":{"start":{"line":118,"column":4},"end":{"line":124,"column":null}},"7":{"start":{"line":119,"column":6},"end":{"line":123,"column":null}},"8":{"start":{"line":135,"column":20},"end":{"line":135,"column":null}},"9":{"start":{"line":137,"column":38},"end":{"line":137,"column":null}},"10":{"start":{"line":140,"column":4},"end":{"line":168,"column":null}},"11":{"start":{"line":142,"column":6},"end":{"line":144,"column":null}},"12":{"start":{"line":143,"column":8},"end":{"line":143,"column":null}},"13":{"start":{"line":147,"column":28},"end":{"line":147,"column":null}},"14":{"start":{"line":148,"column":28},"end":{"line":148,"column":null}},"15":{"start":{"line":153,"column":29},"end":{"line":153,"column":null}},"16":{"start":{"line":154,"column":26},"end":{"line":154,"column":null}},"17":{"start":{"line":155,"column":30},"end":{"line":155,"column":null}},"18":{"start":{"line":157,"column":6},"end":{"line":167,"column":null}},"19":{"start":{"line":170,"column":4},"end":{"line":170,"column":null}},"20":{"start":{"line":180,"column":20},"end":{"line":180,"column":null}},"21":{"start":{"line":182,"column":4},"end":{"line":191,"column":null}},"22":{"start":{"line":183,"column":20},"end":{"line":183,"column":null}},"23":{"start":{"line":185,"column":6},"end":{"line":190,"column":null}},"24":{"start":{"line":186,"column":8},"end":{"line":188,"column":null}},"25":{"start":{"line":187,"column":10},"end":{"line":187,"column":null}},"26":{"start":{"line":189,"column":8},"end":{"line":189,"column":null}},"27":{"start":{"line":193,"column":4},"end":{"line":193,"column":null}},"28":{"start":{"line":204,"column":20},"end":{"line":207,"column":null}},"29":{"start":{"line":210,"column":18},"end":{"line":210,"column":null}},"30":{"start":{"line":213,"column":4},"end":{"line":217,"column":null}},"31":{"start":{"line":215,"column":8},"end":{"line":216,"column":null}},"32":{"start":{"line":227,"column":21},"end":{"line":227,"column":null}},"33":{"start":{"line":228,"column":4},"end":{"line":231,"column":null}},"34":{"start":{"line":228,"column":17},"end":{"line":228,"column":38}},"35":{"start":{"line":229,"column":16},"end":{"line":229,"column":null}},"36":{"start":{"line":230,"column":6},"end":{"line":230,"column":null}},"37":{"start":{"line":232,"column":4},"end":{"line":232,"column":null}}},"fnMap":{"0":{"name":"(anonymous_0)","decl":{"start":{"line":112,"column":2},"end":{"line":112,"column":12}},"loc":{"start":{"line":112,"column":54},"end":{"line":125,"column":null}},"line":112},"1":{"name":"(anonymous_1)","decl":{"start":{"line":133,"column":18},"end":{"line":133,"column":34}},"loc":{"start":{"line":133,"column":89},"end":{"line":171,"column":null}},"line":133},"2":{"name":"(anonymous_2)","decl":{"start":{"line":179,"column":10},"end":{"line":179,"column":23}},"loc":{"start":{"line":179,"column":84},"end":{"line":194,"column":null}},"line":179},"3":{"name":"(anonymous_3)","decl":{"start":{"line":202,"column":10},"end":{"line":202,"column":33}},"loc":{"start":{"line":202,"column":58},"end":{"line":218,"column":null}},"line":202},"4":{"name":"(anonymous_4)","decl":{"start":{"line":214,"column":6},"end":{"line":214,"column":7}},"loc":{"start":{"line":215,"column":8},"end":{"line":216,"column":null}},"line":215},"5":{"name":"(anonymous_5)","decl":{"start":{"line":226,"column":10},"end":{"line":226,"column":23}},"loc":{"start":{"line":226,"column":70},"end":{"line":233,"column":null}},"line":226}},"branchMap":{"0":{"loc":{"start":{"line":118,"column":4},"end":{"line":124,"column":null}},"type":"if","locations":[{"start":{"line":118,"column":4},"end":{"line":124,"column":null}},{"start":{},"end":{}}],"line":118},"1":{"loc":{"start":{"line":118,"column":8},"end":{"line":118,"column":64}},"type":"binary-expr","locations":[{"start":{"line":118,"column":8},"end":{"line":118,"column":39}},{"start":{"line":118,"column":39},"end":{"line":118,"column":64}}],"line":118},"2":{"loc":{"start":{"line":121,"column":12},"end":{"line":121,"column":null}},"type":"binary-expr","locations":[{"start":{"line":121,"column":12},"end":{"line":121,"column":43}},{"start":{"line":121,"column":43},"end":{"line":121,"column":null}}],"line":121},"3":{"loc"
[...]
2},"7":{"name":"(anonymous_7)","decl":{"start":{"line":104,"column":24},"end":{"line":104,"column":25}},"loc":{"start":{"line":104,"column":38},"end":{"line":104,"column":69}},"line":104}},"branchMap":{"0":{"loc":{"start":{"line":25,"column":4},"end":{"line":31,"column":null}},"type":"if","locations":[{"start":{"line":25,"column":4},"end":{"line":31,"column":null}},{"start":{},"end":{}}],"line":25},"1":{"loc":{"start":{"line":68,"column":6},"end":{"line":68,"column":null}},"type":"if","locations":[{"start":{"line":68,"column":6},"end":{"line":68,"column":null}},{"start":{},"end":{}}],"line":68},"2":{"loc":{"start":{"line":70,"column":6},"end":{"line":70,"column":null}},"type":"if","locations":[{"start":{"line":70,"column":6},"end":{"line":70,"column":null}},{"start":{},"end":{}}],"line":70},"3":{"loc":{"start":{"line":73,"column":27},"end":{"line":73,"column":55}},"type":"binary-expr","locations":[{"start":{"line":73,"column":27},"end":{"line":73,"column":50}},{"start":{"line":73,"column":50},"end":{"line":73,"column":55}}],"line":73},"4":{"loc":{"start":{"line":77,"column":4},"end":{"line":77,"column":null}},"type":"if","locations":[{"start":{"line":77,"column":4},"end":{"line":77,"column":null}},{"start":{},"end":{}}],"line":77},"5":{"loc":{"start":{"line":97,"column":40},"end":{"line":97,"column":57}},"type":"binary-expr","locations":[{"start":{"line":97,"column":40},"end":{"line":97,"column":56}},{"start":{"line":97,"column":56},"end":{"line":97,"column":57}}],"line":97},"6":{"loc":{"start":{"line":99,"column":4},"end":{"line":99,"column":null}},"type":"if","locations":[{"start":{"line":99,"column":4},"end":{"line":99,"column":null}},{"start":{},"end":{}}],"line":99}},"s":{"0":36,"1":36,"2":29,"3":1,"4":28,"5":106,"6":28,"7":28,"8":28,"9":28,"10":28,"11":28,"12":28,"13":28,"14":424,"15":0,"16":424,"17":424,"18":0,"19":424,"20":424,"21":28,"22":0,"23":28,"24":28,"25":28,"26":28,"27":28,"28":28,"29":28,"30":424,"31":424,"32":28,"33":19,"34":9,"35":120,"36":9,"37":120,"38":9,"39":9,"40":9},"f":{"0":29,"1":106,"2":28,"3":28,"4":424,"5":424,"6":120,"7":120},"b":{"0":[1,28],"1":[0,424],"2":[0,424],"3":[424,100],"4":[0,28],"5":[424,304],"6":[19,9]},"meta":{"lastBranch":7,"lastFunction":8,"lastStatement":41,"seen":{"s:21:18:21:Infinity":0,"s:22:20:22:Infinity":1,"f:24:2:24:11":0,"b:25:4:31:Infinity:undefined:undefined:undefined:undefined":0,"s:25:4:31:Infinity":2,"s:26:6:30:Infinity":3,"s:33:21:33:Infinity":4,"f:33:36:33:37":1,"s:33:43:33:50":5,"s:36:21:36:Infinity":6,"s:37:28:37:Infinity":7,"s:40:10:40:Infinity":8,"s:41:19:41:Infinity":9,"s:43:19:43:Infinity":10,"s:45:4:54:Infinity":11,"f:63:10:63:28":2,"s:65:20:65:Infinity":12,"s:67:4:74:Infinity":13,"b:68:6:68:Infinity:undefined:undefined:undefined:undefined":1,"s:68:6:68:Infinity":14,"s:68:30:68:Infinity":15,"s:69:19:69:Infinity":16,"b:70:6:70:Infinity:undefined:undefined:undefined:undefined":2,"s:70:6:70:Infinity":17,"s:70:23:70:Infinity":18,"s:72:21:72:Infinity":19,"s:73:6:73:Infinity":20,"b:73:27:73:50:73:50:73:55":3,"b:77:4:77:Infinity:undefined:undefined:undefined:undefined":4,"s:77:4:77:Infinity":21,"s:77:28:77:Infinity":22,"s:79:26:79:Infinity":23,"s:80:21:80:Infinity":24,"s:81:21:81:Infinity":25,"s:84:28:84:Infinity":26,"s:85:25:85:Infinity":27,"s:87:4:87:Infinity":28,"f:96:10:96:35":3,"s:97:23:97:Infinity":29,"f:97:33:97:34":4,"s:97:40:97:57":30,"b:97:40:97:56:97:56:97:57":5,"f:97:66:97:67":5,"s:97:73:97:78":31,"b:99:4:99:Infinity:undefined:undefined:undefined:undefined":6,"s:99:4:99:Infinity":32,"s:99:33:99:Infinity":33,"s:102:17:102:Infinity":34,"f:102:35:102:36":6,"s:102:45:102:52":35,"s:104:6:104:Infinity":36,"f:104:24:104:25":7,"s:104:38:104:69":37,"s:105:19:105:Infinity":38,"s:106:15:106:Infinity":39,"s:110:4:110:Infinity":40}}}
,"/Users/blumaa/code/filmections/src/lib/puzzle-engine/validators/OverlapValidator.ts": {"path":"/Users/blumaa/code/filmections/src/lib/puzzle-engine/validators/OverlapValidator.ts","statementMap":{"0":{"start":{"line":19,"column":18},"end":{"line":19,"column":null}},"1":{"start":{"line":20,"column":20},"end":{"line":20,"column":null}},"2":{"start":{"line":23,"column":4},"end":{"line":29,"column":null}},"3":{"start":{"line":24,"column":6},"end":{"line":28,"column":null}},"4":{"start":{"line":32,"column":20},"end":{"line":32,"column":null}},"5":{"start":{"line":33,"column":23},"end":{"line":33,"column":null}},"6":{"start":{"line":35,"column":4},"end":{"line":42,"column":null}},"7":{"start":{"line":36,"column":6},"end":{"line":41,"column":null}},"8":{"start":{"line":37,"column":8},"end":{"line":39,"column":null}},"9":{"start":{"line":38,"column":10},"end":{"line":38,"column":null}},"10":{"start":{"line":40,"column":8},"end":{"line":40,"column":null}},"11":{"start":{"line":44,"column":19},"end":{"line":44,"column":null}},"12":{"start":{"line":45,"column":18},"end":{"line":45,"column":null}},"13":{"start":{"line":48,"column":4},"end":{"line":54,"column":null}},"14":{"start":{"line":49,"column":6},"end":{"line":49,"column":null}},"15":{"start":{"line":51,"column":23},"end":{"line":51,"column":null}},"16":{"start":{"line":52,"column":19},"end":{"line":52,"column":null}},"17":{"start":{"line":53,"column":6},"end":{"line":53,"column":null}},"18":{"start":{"line":56,"column":4},"end":{"line":65,"column":null}}},"fnMap":{"0":{"name":"(anonymous_0)","decl":{"start":{"line":22,"column":2},"end":{"line":22,"column":11}},"loc":{"start":{"line":22,"column":55},"end":{"line":66,"column":null}},"line":22}},"branchMap":{"0":{"loc":{"start":{"line":23,"column":4},"end":{"line":29,"column":null}},"type":"if","locations":[{"start":{"line":23,"column":4},"end":{"line":29,"column":null}},{"start":{},"end":{}}],"line":23},"1":{"loc":{"start":{"line":37,"column":8},"end":{"line":39,"column":null}},"type":"if","locations":[{"start":{"line":37,"column":8},"end":{"line":39,"column":null}},{"start":{},"end":{}}],"line":37},"2":{"loc":{"start":{"line":45,"column":18},"end":{"line":45,"column":null}},"type":"cond-expr","locations":[{"start":{"line":45,"column":27},"end":{"line":45,"column":32}},{"start":{"line":45,"column":32},"end":{"line":45,"column":null}}],"line":45},"3":{"loc":{"start":{"line":48,"column":4},"end":{"line":54,"column":null}},"type":"if","locations":[{"start":{"line":48,"column":4},"end":{"line":54,"column":null}},{"start":{"line":50,"column":11},"end":{"line":54,"column":null}}],"line":48},"4":{"loc":{"start":{"line":52,"column":19},"end":{"line":52,"column":null}},"type":"cond-expr","locations":[{"start":{"line":52,"column":41},"end":{"line":52,"column":77}},{"start":{"line":52,"column":77},"end":{"line":52,"column":null}}],"line":52}},"s":{"0":36,"1":36,"2":29,"3":1,"4":28,"5":28,"6":28,"7":106,"8":424,"9":2,"10":424,"11":28,"12":28,"13":29,"14":26,"15":2,"16":2,"17":2,"18":28},"f":{"0":29},"b":{"0":[1,28],"1":[2,422],"2":[26,2],"3":[26,2],"4":[0,2]},"meta":{"lastBranch":5,"lastFunction":1,"lastStatement":19,"seen":{"s:19:18:19:Infinity":0,"s:20:20:20:Infinity":1,"f:22:2:22:11":0,"b:23:4:29:Infinity:undefined:undefined:undefined:undefined":0,"s:23:4:29:Infinity":2,"s:24:6:28:Infinity":3,"s:32:20:32:Infinity":4,"s:33:23:33:Infinity":5,"s:35:4:42:Infinity":6,"s:36:6:41:Infinity":7,"b:37:8:39:Infinity:undefined:undefined:undefined:undefined":1,"s:37:8:39:Infinity":8,"s:38:10:38:Infinity":9,"s:40:8:40:Infinity":10,"s:44:19:44:Infinity":11,"s:45:18:45:Infinity":12,"b:45:27:45:32:45:32:45:Infinity":2,"b:48:4:54:Infinity:50:11:54:Infinity":3,"s:48:4:54:Infinity":13,"s:49:6:49:Infinity":14,"s:51:23:51:Infinity":15,"s:52:19:52:Infinity":16,"b:52:41:52:77:52:77:52:Infinity":4,"s:53:6:53:Infinity":17,"s:56:4:65:Infinity":18}}}
,"/Users/blumaa/code/filmections/src/lib/puzzle-engine/validators/QualityScorer.ts": {"path":"/Users/blumaa/code/filmections/src/lib/puzzle-engine/validators/QualityScorer.ts","statementMap":{"0":{"start":{"line":31,"column":38},"end":{"line":40,"column":null}},"1":{"start":{"line":50,"column":4},"end":{"line":50,"column":null}},"2":{"start":{"line":53,"column":4},"end":{"line":53,"column":null}},"3":{"start":{"line":54,"column":4},"end":{"line":54,"column":null}},"4":{"start":{"line":55,"column":4},"end":{"line":55,"column":null}},"5":{"start":{"line":56,"column":4},"end":{"line":56,"column":null}},"6":{"start":{"line":57,"column":4},"end":{"line":57,"column":null}},"7":{"start":{"line":58,"column":4},"end":{"line":58,"column":null}},"8":{"start":{"line":69,"column":26},"end":{"line":69,"column":null}},"9":{"start":{"line":70,"column":29},"end":{"line":70,"column":null}},"10":{"start":{"line":71,"column":28},"end":{"line":71,"column":null}},"11":{"start":{"line":72,"column":29},"end":{"line":72,"column":null}},"12":{"start":{"line":73,"column":26},"end":{"line":73,"column":null}},"13":{"start":{"line":76,"column":20},"end":{"line":76,"column":null}},"14":{"start":{"line":78,"column":6},"end":{"line":81,"column":null}},"15":{"start":{"line":85,"column":6},"end":{"line":85,"column":null}},"16":{"start":{"line":88,"column":24},"end":{"line":88,"column":null}},"17":{"start":{"line":91,"column":4},"end":{"line":93,"column":null}},"18":{"start":{"line":92,"column":6},"end":{"line":92,"column":null}},"19":{"start":{"line":95,"column":27},"end":{"line":95,"column":null}},"20":{"start":{"line":97,"column":4},"end":{"line":112,"column":null}},"21":{"start":{"line":121,"column":4},"end":{"line":121,"column":null}},"22":{"start":{"line":122,"column":4},"end":{"line":124,"column":null}},"23":{"start":{"line":123,"column":6},"end":{"line":123,"column":null}},"24":{"start":{"line":133,"column":4},"end":{"line":133,"column":null}}},"fnMap":{"0":{"name":"(anonymous_0)","decl":{"start":{"line":49,"column":2},"end":{"line":49,"column":14}},"loc":{"start":{"line":49,"column":51},"end":{"line":59,"column":null}},"line":49},"1":{"name":"(anonymous_1)","decl":{"start":{"line":67,"column":2},"end":{"line":67,"column":8}},"loc":{"start":{"line":67,"column":50},"end":{"line":113,"column":null}},"line":67},"2":{"name":"(anonymous_2)","decl":{"start":{"line":120,"column":2},"end":{"line":120,"column":12}},"loc":{"start":{"line":120,"column":50},"end":{"line":125,"column":null}},"line":120},"3":{"name":"(anonymous_3)","decl":{"start":{"line":132,"column":2},"end":{"line":132,"column":29}},"loc":{"start":{"line":132,"column":29},"end":{"line":134,"column":null}},"line":132}},"branchMap":{"0":{"loc":{"start":{"line":49,"column":14},"end":{"line":49,"column":51}},"type":"default-arg","locations":[{"start":{"line":49,"column":47},"end":{"line":49,"column":51}}],"line":49},"1":{"loc":{"start":{"line":91,"column":4},"end":{"line":93,"column":null}},"type":"if","locations":[{"start":{"line":91,"column":4},"end":{"line":93,"column":null}},{"start":{},"end":{}}],"line":91},"2":{"loc":{"start":{"line":91,"column":8},"end":{"line":91,"column":63}},"type":"binary-expr","locations":[{"start":{"line":91,"column":8},"end":{"line":91,"column":40}},{"start":{"line":91,"column":40},"end":{"line":91,"column":63}}],"line":91},"3":{"loc":{"start":{"line":122,"column":4},"end":{"line":124,"column":null}},"type":"if","locations":[{"start":{"line":122,"column":4},"end":{"line":124,"column":null}},{"start":{},"end":{}}],"line":122}},"s":{"0":2,"1":36,"2":36,"3":36,"4":36,"5":36,"6":36,"7":36,"8":29,"9":29,"10":29,"11":29,"12":29,"13":29,"14":29,"15":29,"16":29,"17":29,"18":1,"19":29,"20":29,"21":4,"22":4,"23":1,"24":12},"f":{"0":36,"1":29,"2":4,"3":12},"b":{"0":[36],"1":[1,28],"2":[29,28],"3":[1,3]},"meta":{"lastBranch":4,"lastFunction":4,"lastStatement":25,"seen":{"s:31:38:40:Infinity":0,"f:49:2:49:14":0,"b:49:47:49:51":0,"s:50:4:50:Infinity":1,"s:53:4:53:Infinity":2,"s:54:4:54:Infinity":3,"s:55:4:55:Infinity":4,"s:56:4:56:Infinity":5,"s:57:4:57:Infinity":6,"s:58:4:58:Infinity":7,"f:67:2:67:8":1,"s:69:26:69:Infinity":8,"s:70:29:70:Infinity":9,"s:71:28:71:Infinity":10,"s:72:29:72:Infinity":11,"s:73:26:73:Infinity":12,"s:76:20:76:Infinity":13,"s:78:6:81:Infinity":14,"s:85:6:85:Infinity":15,"s:88:24:88:Infinity":16,"b:91:4:93:Infinity:undefined:undefined:undefined:undefined":1,"s:91:4:93:Infinity":17,"b:91:8:91:40:91:40:91:63":2,"s:92:6:92:Infinity":18,"s:95:27:95:Infinity":19,"s:97:4:112:Infinity":20,"f:120:2:120:12":2,"s:121:4:121:Infinity":21,"b:122:4:124:Infinity:undefined:undefined:undefined:undefined":3,"s:122:4:124:Infinity":22,"s:123:6:123:Infinity":23,"f:132:2:132:29":3,"s:133:4:133:Infinity":24}}}
,"/Users/blumaa/code/filmections/src/lib/puzzle-engine/validators/UniquenessValidator.ts": {"path":"/Users/blumaa/code/filmections/src/lib/puzzle-engine/validators/UniquenessValidator.ts","statementMap":{"0":{"start":{"line":20,"column":50},"end":{"line":35,"column":null}},"1":{"start":{"line":41,"column":18},"end":{"line":41,"column":null}},"2":{"start":{"line":42,"column":20},"end":{"line":42,"column":null}},"3":{"start":{"line":45,"column":4},"end":{"line":51,"column":null}},"4":{"start":{"line":46,"column":6},"end":{"line":50,"column":null}},"5":{"start":{"line":54,"column":22},"end":{"line":54,"column":null}},"6":{"start":{"line":57,"column":24},"end":{"line":57,"column":null}},"7":{"start":{"line":58,"column":25},"end":{"line":58,"column":null}},"8":{"start":{"line":61,"column":10},"end":{"line":61,"column":null}},"9":{"start":{"line":62,"column":19},"end":{"line":62,"column":null}},"10":{"start":{"line":64,"column":19},"end":{"line":64,"column":null}},"11":{"start":{"line":66,"column":4},"end":{"line":75,"column":null}},"12":{"start":{"line":85,"column":4},"end":{"line":92,"column":null}},"13":{"start":{"line":87,"column":21},"end":{"line":87,"column":null}},"14":{"start":{"line":88,"column":8},"end":{"line":88,"column":null}},"15":{"start":{"line":89,"column":8},"end":{"line":89,"column":null}},"16":{"start":{"line":102,"column":22},"end":{"line":102,"column":null}},"17":{"start":{"line":104,"column":4},"end":{"line":108,"column":null}},"18":{"start":{"line":105,"column":19},"end":{"line":105,"column":null}},"19":{"start":{"line":106,"column":21},"end":{"line":106,"column":null}},"20":{"start":{"line":107,"column":6},"end":{"line":107,"column":null}},"21":{"start":{"line":111,"column":22},"end":{"line":111,"column":null}},"22":{"start":{"line":112,"column":4},"end":{"line":112,"column":null}},"23":{"start":{"line":123,"column":24},"end":{"line":123,"column":null}},"24":{"start":{"line":127,"column":25},"end":{"line":127,"column":null}},"25":{"start":{"line":128,"column":4},"end":{"line":128,"column":null}},"26":{"start":{"line":139,"column":18},"end":{"line":139,"column":null}},"27":{"start":{"line":140,"column":20},"end":{"line":140,"column":null}},"28":{"start":{"line":142,"column":4},"end":{"line":150,"column":null}},"29":{"start":{"line":143,"column":6},"end":{"line":143,"column":null}},"30":{"start":{"line":144,"column":4},"end":{"line":150,"column":null}},"31":{"start":{"line":145,"column":6},"end":{"line":145,"column":null}},"32":{"start":{"line":146,"column":4},"end":{"line":150,"column":null}},"33":{"start":{"line":147,"column":6},"end":{"line":147,"column":null}},"34":{"start":{"line":149,"column":6},"end":{"line":149,"column":null}}},"fnMap":{"0":{"name":"(anonymous_0)","decl":{"start":{"line":44,"column":2},"end":{"line":44,"column":11}},"loc":{"start":{"line":44,"column":55},"end":{"line":76,"column":null}},"line":44},"1":{"name":"(anonymous_1)","decl":{"start":{"line":84,"column":10},"end":{"line":84,"column":30}},"loc":{"start":{"line":84,"column":80},"end":{"line":93,"column":null}},"line":84},"2":{"name":"(anonymous_2)","decl":{"start":{"line":86,"column":6},"end":{"line":86,"column":7}},"loc":{"start":{"line":86,"column":22},"end":{"line":90,"column":null}},"line":86},"3":{"name":"(anonymous_3)","decl":{"start":{"line":101,"column":10},"end":{"line":101,"column":22}},"loc":{"start":{"line":101,"column":56},"end":{"line":113,"column":null}},"line":101},"4":{"name":"(anonymous_4)","decl":{"start":{"line":122,"column":10},"end":{"line":122,"column":23}},"loc":{"start":{"line":122,"column":87},"end":{"line":129,"column":null}},"line":122},"5":{"name":"(anonymous_5)","decl":{"start":{"line":138,"column":10},"end":{"line":138,"column":22}},"loc":{"start":{"line":138,"column":80},"end":{"line":151,"column":null}},"line":138}},"branchMap":{"0":{"loc":{"start":{"line":45,"column":4},"end":{"line":51,"column":null}},"type":"if","locations":[{"start":{"line":45,"column":4},"end":{"line":51,"column":null}},{"start":{},"end":{}}],"line":45},"1":{"loc":{"start":{"line":88,"column":21},"end":{"line":88,"column":39}},"type":"binary-expr","locations":[{"start":{"line":88,"column":21},"end":{"line":88,"column":34}},{"start":{"line":88,"column":34},"end":{"line":88,"column":39}}],"line":88},"2":{"loc":{"start":{"line":106,"column":21},"end":{"line":106,"column":null}},"type":"binary-expr","locations":[{"start":{"line":106,"column":21},"end":{"line":106,"column":48}},{"start":{"line":106,"column":48},"end":{"line":106,"column":null}}],"line":106},"3":{"loc":{"start":{"line":142,"column":4},"end":{"line":150,"column":null}},"type":"if","locations":[{"start":{"line":142,"column":4},"end":{"line":150,"column":null}},{"start":{"line":144,"column":4},"end":{"line":150,"column":null}}],"line":142},"4":{"loc":{"start":{"line":144,"column":4},"end":{"line":150,"column":null}},"type":"if","locations":[{"start":{"line":144,"column":4},"end":{"line":150,"column":null}},{"start":{"line":146,"column":4},"end":{"line":150,"column":null}}],"line":144},"5":{"loc":{"start":{"line":146,"column":4},"end":{"line":150,"column":null}},"type":"if","locations":[{"start":{"line":146,"column":4},"end":{"line":150,"column":null}},{"start":{"line":148,"column":11},"end":{"line":150,"column":null}}],"line":146}},"s":{"0":2,"1":36,"2":36,"3":29,"4":1,"5":28,"6":28,"7":28,"8":28,"9":28,"10":28,"11":28,"12":28,"13":106,"14":106,"15":106,"16":28,"17":28,"18":106,"19":106,"20":106,"21":28,"22":28,"23":28,"24":28,"25":28,"26":28,"27":28,"28":28,"29":10,"30":18,"31":14,"32":4,"33":4,"34":0},"f":{"0":29,"1":28,"2":106,"3":28,"4":28,"5":28},"b":{"0":[1,28],"1":[106,85],"2":[106,0],"3":[10,18],"4":[14,4],"5":[4,0]},"meta":{"lastBranch":6,"lastFunction":6,"lastStatement":35,"seen":{"s:20:50:35:Infinity":0,"s:41:18:41:Infinity":1,"s:42:20:42:Infinity":2,"f:44:2:44:11":0,"b:45:4:51:Infinity:undefined:undefined:undefined:undefined":0,"s:45:4:51:Infinity":3,"s:46:6:50:Infinity":4,"s:54:22:54:Infinity":5,"s:57:24:57:Infinity":6,"s:58:25:58:Infinity":7,"s:61:10:61:Infinity":8,"s:62:19:62:Infinity":9,"s:64:19:64:Infinity":10,"s:66:4:75:Infinity":11,"f:84:10:84:30":1,"s:85:4:92:Infinity":12,"f:86:6:86:7":2,"s:87:21:87:Infinity":13,"s:88:8:88:Infinity":14,"b:88:21:88:34:88:34:88:39":1,"s:89:8:89:Infinity":15,"f:101:10:101:22":3,"s:102:22:102:Infinity":16,"s:104:4:108:Infinity":17,"s:105:19:105:Infinity":18,"s:106:21:106:Infinity":19,"b:106:21:106:48:106:48:106:Infinity":2,"s:107:6:107:Infinity":20,"s:111:22:111:Infinity":21,"s:112:4:112:Infinity":22,"f:122:10:122:23":4,"s:123:24:123:Infinity":23,"s:127:25:127:Infinity":24,"s:128:4:128:Infinity":25,"f:138:10:138:22":5,"s:139:18:139:Infinity":26,"s:140:20:140:Infinity":27,"b:142:4:150:Infinity:144:4:150:Infinity":3,"s:142:4:150:Infinity":28,"s:143:6:143:Infinity":29,"b:144:4:150:Infinity:146:4:150:Infinity":4,"s:144:4:150:Infinity":30,"s:145:6:145:Infinity":31,"b:146:4:150:Infinity:148:11:150:Infinity":5,"s:146:4:150:Infinity":32,"s:147:6:147:Infinity":33,"s:149:6:149:Infinity":34}}}
,"/Users/blumaa/code/filmections/src/lib/puzzle-engine/validators/index.ts": {"path":"/Users/blumaa/code/filmections/src/lib/puzzle-engine/validators/index.ts","statementMap":{},"fnMap":{},"branchMap":{},"s":{},"f":{},"b":{},"meta":{"lastBranch":0,"lastFunction":0,"lastStatement":0,"seen":{}}}
,"/Users/blumaa/code/filmections/src/lib/puzzle-engine/validators/types.ts": {"path":"/Users/blumaa/code/filmections/src/lib/puzzle-engine/validators/types.ts","statementMap":{},"fnMap":{},"branchMap":{},"s":{},"f":{},"b":{},"meta":{"lastBranch":0,"lastFunction":0,"lastStatement":0,"seen":{}}}
}
